[03/07/2021 00:12:21]: Peer 1004 makes a connection to Peer 1003.
[03/07/2021 00:12:21]: Peer 1004 makes a connection to Peer 1002.
[03/07/2021 00:12:21]: Peer 1004 makes a connection to Peer 1001.
[03/07/2021 00:12:22]: Peer 1004 is connected from Peer 1005.
[03/07/2021 00:12:24]: Peer 1004 is connected from Peer 1006.
[03/07/2021 00:12:25]: Peer 1004 is connected from Peer 1007.
[03/07/2021 00:12:26]: Peer 1004 is connected from Peer 1008.
[03/07/2021 00:12:27]: Peer 1004 is connected from Peer 1009.
[03/07/2021 00:12:31]: Peer 1001 has downloaded the complete file.
[03/07/2021 00:12:38]: Peer 1004 is unchoked by 1001.
[03/07/2021 00:12:39]: Peer 1004 has downloaded the piece 117 from 1001. Now the number of pieces it has is 1.
[03/07/2021 00:12:39]: Peer 1004 has downloaded the piece 88 from 1001. Now the number of pieces it has is 2.
[03/07/2021 00:12:40]: Peer 1004 received the 'interested' message from 1003.
[03/07/2021 00:12:40]: Peer 1004 received the 'interested' message from 1009.
[03/07/2021 00:12:40]: Peer 1004 has downloaded the piece 89 from 1001. Now the number of pieces it has is 3.
[03/07/2021 00:12:40]: Peer 1004 has downloaded the piece 75 from 1001. Now the number of pieces it has is 4.
[03/07/2021 00:12:40]: Peer 1004 received the 'interested' message from 1007.
[03/07/2021 00:12:40]: Peer 1004 received the 'interested' message from 1005.
[03/07/2021 00:12:40]: Peer 1004 received the 'have' message from 1005 for the piece 31.
[03/07/2021 00:12:41]: Peer 1004 received the 'interested' message from 1002.
[03/07/2021 00:12:41]: Peer 1004 received the 'have' message from 1007 for the piece 46.
[03/07/2021 00:12:41]: Peer 1004 received the 'have' message from 1008 for the piece 25.
[03/07/2021 00:12:41]: Peer 1004 received the 'have' message from 1008 for the piece 106.
[03/07/2021 00:12:41]: Peer 1004 received the 'interested' message from 1008.
[03/07/2021 00:12:41]: Peer 1004 received the 'have' message from 1005 for the piece 2.
[03/07/2021 00:12:41]: Peer 1004 received the 'have' message from 1005 for the piece 47.
[03/07/2021 00:12:41]: Peer 1004 received the 'have' message from 1007 for the piece 78.
[03/07/2021 00:12:42]: Peer 1004 received the 'have' message from 1007 for the piece 114.
[03/07/2021 00:12:42]: Peer 1004 received the 'have' message from 1008 for the piece 60.
[03/07/2021 00:12:42]: Peer 1004 has downloaded the piece 52 from 1001. Now the number of pieces it has is 5.
[03/07/2021 00:12:42]: Peer 1004 received the 'have' message from 1008 for the piece 30.
[03/07/2021 00:12:42]: Peer 1004 received the 'have' message from 1008 for the piece 104.
[03/07/2021 00:12:42]: Peer 1004 received the 'have' message from 1007 for the piece 84.
[03/07/2021 00:12:42]: Peer 1004 received the 'have' message from 1007 for the piece 54.
[03/07/2021 00:12:42]: Peer 1004 received the 'have' message from 1007 for the piece 108.
[03/07/2021 00:12:42]: Peer 1004 received the 'have' message from 1005 for the piece 34.
[03/07/2021 00:12:42]: Peer 1004 received the 'have' message from 1007 for the piece 124.
[03/07/2021 00:12:42]: Peer 1004 received the 'have' message from 1008 for the piece 111.
[03/07/2021 00:12:42]: Peer 1004 received the 'have' message from 1007 for the piece 87.
[03/07/2021 00:12:42]: Peer 1004 received the 'have' message from 1007 for the piece 89.
[03/07/2021 00:12:42]: Peer 1004 received the 'have' message from 1007 for the piece 3.
[03/07/2021 00:12:42]: Peer 1004 received the 'have' message from 1007 for the piece 30.
[03/07/2021 00:12:42]: Peer 1004 received the 'have' message from 1007 for the piece 131.
[03/07/2021 00:12:42]: Peer 1004 received the 'have' message from 1007 for the piece 59.
[03/07/2021 00:12:42]: Peer 1004 received the 'have' message from 1008 for the piece 112.
[03/07/2021 00:12:42]: Peer 1004 received the 'have' message from 1008 for the piece 76.
[03/07/2021 00:12:42]: Peer 1004 received the 'have' message from 1008 for the piece 103.
[03/07/2021 00:12:42]: Peer 1004 received the 'have' message from 1008 for the piece 52.
[03/07/2021 00:12:42]: Peer 1004 received the 'have' message from 1008 for the piece 121.
[03/07/2021 00:12:42]: Peer 1004 received the 'have' message from 1008 for the piece 62.
[03/07/2021 00:12:42]: Peer 1004 received the 'have' message from 1007 for the piece 121.
[03/07/2021 00:12:42]: Peer 1004 has downloaded the piece 58 from 1001. Now the number of pieces it has is 6.
[03/07/2021 00:12:42]: Peer 1004 received the 'have' message from 1008 for the piece 57.
[03/07/2021 00:12:42]: Peer 1004 received the 'have' message from 1008 for the piece 128.
[03/07/2021 00:12:42]: Peer 1004 received the 'have' message from 1005 for the piece 101.
[03/07/2021 00:12:42]: Peer 1004 has downloaded the piece 2 from 1001. Now the number of pieces it has is 7.
[03/07/2021 00:12:42]: Peer 1004 has downloaded the piece 113 from 1001. Now the number of pieces it has is 8.
[03/07/2021 00:12:42]: Peer 1004 received the 'have' message from 1007 for the piece 53.
[03/07/2021 00:12:42]: Peer 1004 is choked by 1001.
[03/07/2021 00:12:42]: Peer 1004 received the 'have' message from 1008 for the piece 126.
[03/07/2021 00:12:43]: Peer 1004 received the 'have' message from 1005 for the piece 70.
[03/07/2021 00:12:43]: Peer 1004 received the 'have' message from 1007 for the piece 41.
[03/07/2021 00:12:43]: Peer 1004 is unchoked by 1007.
[03/07/2021 00:12:43]: Peer 1004 received the 'have' message from 1007 for the piece 17.
[03/07/2021 00:12:43]: Peer 1004 has the preferred neighbors 1002, 1009, 1008.
[03/07/2021 00:12:43]: Peer 1004 has downloaded the piece 114 from 1007. Now the number of pieces it has is 9.
[03/07/2021 00:12:43]: Peer 1004 received the 'have' message from 1003 for the piece 76.
[03/07/2021 00:12:43]: Peer 1004 received the 'have' message from 1007 for the piece 102.
[03/07/2021 00:12:43]: Peer 1004 received the 'have' message from 1007 for the piece 113.
[03/07/2021 00:12:43]: Peer 1004 received the 'have' message from 1007 for the piece 118.
[03/07/2021 00:12:43]: Peer 1004 received the 'have' message from 1009 for the piece 3.
[03/07/2021 00:12:43]: Peer 1004 received the 'have' message from 1007 for the piece 128.
[03/07/2021 00:12:43]: Peer 1004 received the 'have' message from 1008 for the piece 87.
[03/07/2021 00:12:44]: Peer 1004 received the 'have' message from 1005 for the piece 25.
[03/07/2021 00:12:44]: Peer 1004 received the 'have' message from 1005 for the piece 85.
[03/07/2021 00:12:44]: Peer 1004 received the 'have' message from 1009 for the piece 21.
[03/07/2021 00:12:44]: Peer 1004 received the 'have' message from 1007 for the piece 127.
[03/07/2021 00:12:44]: Peer 1004 received the 'have' message from 1003 for the piece 56.
[03/07/2021 00:12:44]: Peer 1004 received the 'have' message from 1009 for the piece 37.
[03/07/2021 00:12:44]: Peer 1004 received the 'have' message from 1007 for the piece 67.
[03/07/2021 00:12:44]: Peer 1004 received the 'have' message from 1007 for the piece 72.
[03/07/2021 00:12:44]: Peer 1004 has downloaded the piece 17 from 1007. Now the number of pieces it has is 10.
[03/07/2021 00:12:44]: Peer 1004 has downloaded the piece 124 from 1007. Now the number of pieces it has is 11.
[03/07/2021 00:12:44]: Peer 1004 received the 'have' message from 1007 for the piece 47.
[03/07/2021 00:12:44]: Peer 1004 received the 'have' message from 1003 for the piece 85.
[03/07/2021 00:12:44]: Peer 1004 received the 'have' message from 1003 for the piece 87.
[03/07/2021 00:12:44]: Peer 1004 received the 'have' message from 1007 for the piece 69.
[03/07/2021 00:12:44]: Peer 1006 has downloaded the complete file.
[03/07/2021 00:12:44]: Peer 1004 received the 'have' message from 1003 for the piece 101.
[03/07/2021 00:12:44]: Peer 1004 received the 'have' message from 1003 for the piece 78.
[03/07/2021 00:12:44]: Peer 1004 received the 'have' message from 1008 for the piece 69.
[03/07/2021 00:12:44]: Peer 1004 received the 'have' message from 1008 for the piece 114.
[03/07/2021 00:12:44]: Peer 1004 received the 'have' message from 1005 for the piece 84.
[03/07/2021 00:12:44]: Peer 1004 received the 'have' message from 1002 for the piece 88.
[03/07/2021 00:12:44]: Peer 1004 received the 'have' message from 1009 for the piece 17.
[03/07/2021 00:12:44]: Peer 1004 received the 'have' message from 1009 for the piece 22.
[03/07/2021 00:12:44]: Peer 1004 received the 'have' message from 1003 for the piece 90.
[03/07/2021 00:12:44]: Peer 1004 received the 'have' message from 1009 for the piece 83.
[03/07/2021 00:12:44]: Peer 1004 received the 'have' message from 1009 for the piece 128.
[03/07/2021 00:12:44]: Peer 1004 received the 'have' message from 1009 for the piece 75.
[03/07/2021 00:12:44]: Peer 1004 has downloaded the piece 108 from 1007. Now the number of pieces it has is 12.
[03/07/2021 00:12:44]: Peer 1004 received the 'have' message from 1007 for the piece 25.
[03/07/2021 00:12:44]: Peer 1004 received the 'have' message from 1007 for the piece 31.
[03/07/2021 00:12:44]: Peer 1004 received the 'have' message from 1008 for the piece 74.
[03/07/2021 00:12:44]: Peer 1004 received the 'have' message from 1002 for the piece 37.
[03/07/2021 00:12:44]: Peer 1004 received the 'have' message from 1003 for the piece 120.
[03/07/2021 00:12:44]: Peer 1004 received the 'have' message from 1003 for the piece 31.
[03/07/2021 00:12:44]: Peer 1004 received the 'have' message from 1003 for the piece 126.
[03/07/2021 00:12:44]: Peer 1004 received the 'have' message from 1002 for the piece 2.
[03/07/2021 00:12:45]: Peer 1004 received the 'have' message from 1008 for the piece 50.
[03/07/2021 00:12:45]: Peer 1004 received the 'have' message from 1005 for the piece 126.
[03/07/2021 00:12:45]: Peer 1004 received the 'have' message from 1005 for the piece 69.
[03/07/2021 00:12:45]: Peer 1004 received the 'have' message from 1005 for the piece 118.
[03/07/2021 00:12:45]: Peer 1004 received the 'have' message from 1009 for the piece 95.
[03/07/2021 00:12:45]: Peer 1004 received the 'have' message from 1003 for the piece 34.
[03/07/2021 00:12:45]: Peer 1004 has downloaded the piece 128 from 1007. Now the number of pieces it has is 13.
[03/07/2021 00:12:45]: Peer 1004 received the 'have' message from 1007 for the piece 105.
[03/07/2021 00:12:45]: Peer 1004 received the 'have' message from 1007 for the piece 36.
[03/07/2021 00:12:45]: Peer 1004 received the 'have' message from 1007 for the piece 70.
[03/07/2021 00:12:45]: Peer 1004 received the 'have' message from 1005 for the piece 76.
[03/07/2021 00:12:45]: Peer 1004 received the 'have' message from 1008 for the piece 119.
[03/07/2021 00:12:45]: Peer 1004 received the 'have' message from 1008 for the piece 2.
[03/07/2021 00:12:45]: Peer 1004 received the 'have' message from 1008 for the piece 53.
[03/07/2021 00:12:45]: Peer 1004 received the 'have' message from 1003 for the piece 131.
[03/07/2021 00:12:45]: Peer 1004 received the 'have' message from 1003 for the piece 60.
[03/07/2021 00:12:45]: Peer 1004 received the 'have' message from 1008 for the piece 37.
[03/07/2021 00:12:45]: Peer 1004 received the 'have' message from 1008 for the piece 75.
[03/07/2021 00:12:45]: Peer 1004 received the 'have' message from 1009 for the piece 40.
[03/07/2021 00:12:45]: Peer 1004 received the 'have' message from 1009 for the piece 51.
[03/07/2021 00:12:45]: Peer 1004 received the 'have' message from 1008 for the piece 17.
[03/07/2021 00:12:45]: Peer 1004 received the 'have' message from 1005 for the piece 113.
[03/07/2021 00:12:45]: Peer 1004 received the 'have' message from 1002 for the piece 21.
[03/07/2021 00:12:45]: Peer 1004 received the 'have' message from 1009 for the piece 88.
[03/07/2021 00:12:45]: Peer 1004 received the 'have' message from 1009 for the piece 114.
[03/07/2021 00:12:45]: Peer 1004 received the 'have' message from 1003 for the piece 69.
[03/07/2021 00:12:45]: Peer 1004 received the 'have' message from 1005 for the piece 112.
[03/07/2021 00:12:45]: Peer 1004 received the 'have' message from 1002 for the piece 128.
[03/07/2021 00:12:45]: Peer 1004 received the 'have' message from 1002 for the piece 17.
[03/07/2021 00:12:45]: Peer 1004 received the 'have' message from 1009 for the piece 53.
[03/07/2021 00:12:45]: Peer 1004 received the 'have' message from 1009 for the piece 58.
[03/07/2021 00:12:45]: Peer 1004 received the 'have' message from 1009 for the piece 122.
[03/07/2021 00:12:45]: Peer 1004 received the 'have' message from 1008 for the piece 96.
[03/07/2021 00:12:45]: Peer 1004 has downloaded the piece 69 from 1007. Now the number of pieces it has is 14.
[03/07/2021 00:12:45]: Peer 1004 received the 'have' message from 1007 for the piece 12.
[03/07/2021 00:12:46]: Peer 1004 received the 'have' message from 1002 for the piece 75.
[03/07/2021 00:12:46]: Peer 1004 received the 'have' message from 1002 for the piece 34.
[03/07/2021 00:12:46]: Peer 1004 received the 'have' message from 1008 for the piece 124.
[03/07/2021 00:12:46]: Peer 1004 received the 'have' message from 1003 for the piece 103.
[03/07/2021 00:12:46]: Peer 1004 received the 'have' message from 1008 for the piece 72.
[03/07/2021 00:12:46]: Peer 1004 received the 'have' message from 1008 for the piece 47.
[03/07/2021 00:12:46]: Peer 1004 received the 'have' message from 1002 for the piece 58.
[03/07/2021 00:12:46]: Peer 1004 received the 'have' message from 1005 for the piece 102.
[03/07/2021 00:12:46]: Peer 1004 received the 'have' message from 1003 for the piece 83.
[03/07/2021 00:12:46]: Peer 1004 received the 'have' message from 1003 for the piece 84.
[03/07/2021 00:12:46]: Peer 1004 has downloaded the piece 78 from 1007. Now the number of pieces it has is 15.
[03/07/2021 00:12:46]: Peer 1004 received the 'have' message from 1007 for the piece 20.
[03/07/2021 00:12:46]: Peer 1004 received the 'have' message from 1007 for the piece 97.
[03/07/2021 00:12:46]: Peer 1004 received the 'have' message from 1007 for the piece 126.
[03/07/2021 00:12:46]: Peer 1004 received the 'have' message from 1009 for the piece 99.
[03/07/2021 00:12:46]: Peer 1004 received the 'have' message from 1009 for the piece 102.
[03/07/2021 00:12:46]: Peer 1004 received the 'have' message from 1009 for the piece 120.
[03/07/2021 00:12:46]: Peer 1004 received the 'have' message from 1009 for the piece 23.
[03/07/2021 00:12:46]: Peer 1004 received the 'have' message from 1008 for the piece 118.
[03/07/2021 00:12:46]: Peer 1004 received the 'have' message from 1003 for the piece 132.
[03/07/2021 00:12:46]: Peer 1004 has downloaded the piece 102 from 1007. Now the number of pieces it has is 16.
[03/07/2021 00:12:46]: Peer 1004 received the 'have' message from 1007 for the piece 85.
[03/07/2021 00:12:46]: Peer 1004 received the 'have' message from 1005 for the piece 131.
[03/07/2021 00:12:46]: Peer 1004 received the 'have' message from 1005 for the piece 62.
[03/07/2021 00:12:46]: Peer 1004 received the 'have' message from 1007 for the piece 120.
[03/07/2021 00:12:46]: Peer 1004 received the 'have' message from 1007 for the piece 58.
[03/07/2021 00:12:46]: Peer 1004 received the 'have' message from 1002 for the piece 114.
[03/07/2021 00:12:46]: Peer 1004 received the 'have' message from 1008 for the piece 34.
[03/07/2021 00:12:46]: Peer 1004 received the 'have' message from 1008 for the piece 86.
[03/07/2021 00:12:46]: Peer 1004 received the 'have' message from 1008 for the piece 101.
[03/07/2021 00:12:46]: Peer 1004 received the 'have' message from 1003 for the piece 113.
[03/07/2021 00:12:46]: Peer 1004 received the 'have' message from 1003 for the piece 37.
[03/07/2021 00:12:46]: Peer 1004 received the 'have' message from 1003 for the piece 92.
[03/07/2021 00:12:46]: Peer 1004 received the 'have' message from 1005 for the piece 78.
[03/07/2021 00:12:46]: Peer 1004 received the 'have' message from 1005 for the piece 75.
[03/07/2021 00:12:46]: Peer 1004 received the 'have' message from 1009 for the piece 2.
[03/07/2021 00:12:46]: Peer 1004 received the 'have' message from 1008 for the piece 129.
[03/07/2021 00:12:46]: Peer 1004 received the 'have' message from 1008 for the piece 54.
[03/07/2021 00:12:46]: Peer 1004 received the 'have' message from 1002 for the piece 132.
[03/07/2021 00:12:46]: Peer 1004 received the 'have' message from 1009 for the piece 103.
[03/07/2021 00:12:46]: Peer 1004 received the 'have' message from 1009 for the piece 127.
[03/07/2021 00:12:46]: Peer 1004 received the 'have' message from 1009 for the piece 115.
[03/07/2021 00:12:47]: Peer 1004 received the 'have' message from 1009 for the piece 68.
[03/07/2021 00:12:47]: Peer 1004 received the 'have' message from 1009 for the piece 50.
[03/07/2021 00:12:47]: Peer 1004 received the 'have' message from 1009 for the piece 44.
[03/07/2021 00:12:47]: Peer 1004 has downloaded the piece 3 from 1007. Now the number of pieces it has is 17.
[03/07/2021 00:12:47]: Peer 1004 received the 'have' message from 1008 for the piece 117.
[03/07/2021 00:12:47]: Peer 1004 received the 'have' message from 1007 for the piece 112.
[03/07/2021 00:12:47]: Peer 1004 received the 'have' message from 1008 for the piece 88.
[03/07/2021 00:12:47]: Peer 1004 received the 'have' message from 1008 for the piece 27.
[03/07/2021 00:12:47]: Peer 1004 received the 'have' message from 1007 for the piece 2.
[03/07/2021 00:12:47]: Peer 1004 received the 'have' message from 1007 for the piece 39.
[03/07/2021 00:12:47]: Peer 1004 received the 'have' message from 1007 for the piece 115.
[03/07/2021 00:12:47]: Peer 1004 received the 'have' message from 1008 for the piece 108.
[03/07/2021 00:12:47]: Peer 1004 received the 'have' message from 1008 for the piece 32.
[03/07/2021 00:12:47]: Peer 1004 received the 'have' message from 1009 for the piece 110.
[03/07/2021 00:12:47]: Peer 1004 received the 'have' message from 1009 for the piece 108.
[03/07/2021 00:12:47]: Peer 1004 received the 'have' message from 1003 for the piece 111.
[03/07/2021 00:12:47]: Peer 1004 received the 'have' message from 1008 for the piece 35.
[03/07/2021 00:12:47]: Peer 1004 received the 'have' message from 1009 for the piece 30.
[03/07/2021 00:12:47]: Peer 1004 received the 'have' message from 1005 for the piece 108.
[03/07/2021 00:12:47]: Peer 1004 received the 'have' message from 1002 for the piece 120.
[03/07/2021 00:12:47]: Peer 1004 received the 'have' message from 1002 for the piece 102.
[03/07/2021 00:12:47]: Peer 1004 received the 'have' message from 1009 for the piece 57.
[03/07/2021 00:12:47]: Peer 1004 has the optimistically unchoked neighbor 1005.
[03/07/2021 00:12:48]: Peer 1004 received the 'have' message from 1003 for the piece 28.
[03/07/2021 00:12:48]: Peer 1004 received the 'have' message from 1002 for the piece 56.
[03/07/2021 00:12:48]: Peer 1004 received the 'have' message from 1008 for the piece 102.
[03/07/2021 00:12:48]: Peer 1004 received the 'have' message from 1008 for the piece 116.
[03/07/2021 00:12:48]: Peer 1004 received the 'have' message from 1003 for the piece 59.
[03/07/2021 00:12:48]: Peer 1004 has downloaded the piece 85 from 1007. Now the number of pieces it has is 18.
[03/07/2021 00:12:48]: Peer 1004 received the 'have' message from 1007 for the piece 27.
[03/07/2021 00:12:48]: Peer 1004 received the 'have' message from 1007 for the piece 37.
[03/07/2021 00:12:48]: Peer 1004 is unchoked by 1005.
[03/07/2021 00:12:48]: Peer 1004 received the 'have' message from 1003 for the piece 108.
[03/07/2021 00:12:48]: Peer 1004 has the preferred neighbors 1007, 1003, 1009.
[03/07/2021 00:12:48]: Peer 1004 received the 'have' message from 1008 for the piece 90.
[03/07/2021 00:12:48]: Peer 1004 received the 'have' message from 1008 for the piece 85.
[03/07/2021 00:12:48]: Peer 1004 received the 'have' message from 1002 for the piece 89.
[03/07/2021 00:12:48]: Peer 1004 received the 'have' message from 1007 for the piece 116.
[03/07/2021 00:12:48]: Peer 1004 received the 'have' message from 1007 for the piece 76.
[03/07/2021 00:12:48]: Peer 1004 received the 'have' message from 1007 for the piece 21.
[03/07/2021 00:12:48]: Peer 1004 has downloaded the piece 54 from 1007. Now the number of pieces it has is 19.
[03/07/2021 00:12:48]: Peer 1004 received the 'have' message from 1007 for the piece 57.
[03/07/2021 00:12:48]: Peer 1004 received the 'have' message from 1008 for the piece 31.
[03/07/2021 00:12:48]: Peer 1004 received the 'have' message from 1008 for the piece 113.
[03/07/2021 00:12:48]: Peer 1004 received the 'have' message from 1008 for the piece 107.
[03/07/2021 00:12:48]: Peer 1004 is unchoked by 1008.
[03/07/2021 00:12:48]: Peer 1004 received the 'have' message from 1008 for the piece 98.
[03/07/2021 00:12:49]: Peer 1004 received the 'have' message from 1007 for the piece 43.
[03/07/2021 00:12:49]: Peer 1004 has downloaded the piece 76 from 1007. Now the number of pieces it has is 20.
[03/07/2021 00:12:49]: Peer 1004 received the 'have' message from 1008 for the piece 7.
[03/07/2021 00:12:49]: Peer 1004 received the 'have' message from 1008 for the piece 109.
[03/07/2021 00:12:49]: Peer 1004 received the 'have' message from 1008 for the piece 78.
[03/07/2021 00:12:49]: Peer 1004 received the 'have' message from 1003 for the piece 57.
[03/07/2021 00:12:49]: Peer 1004 received the 'have' message from 1009 for the piece 45.
[03/07/2021 00:12:49]: Peer 1004 received the 'have' message from 1002 for the piece 68.
[03/07/2021 00:12:49]: Peer 1004 received the 'have' message from 1005 for the piece 55.
[03/07/2021 00:12:49]: Peer 1004 received the 'have' message from 1005 for the piece 120.
[03/07/2021 00:12:49]: Peer 1004 has downloaded the piece 59 from 1007. Now the number of pieces it has is 21.
[03/07/2021 00:12:49]: Peer 1004 received the 'have' message from 1007 for the piece 117.
[03/07/2021 00:12:49]: Peer 1004 received the 'have' message from 1003 for the piece 58.
[03/07/2021 00:12:50]: Peer 1004 has downloaded the piece 106 from 1008. Now the number of pieces it has is 22.
[03/07/2021 00:12:50]: Peer 1004 received the 'have' message from 1005 for the piece 45.
[03/07/2021 00:12:50]: Peer 1004 has downloaded the piece 70 from 1005. Now the number of pieces it has is 23.
[03/07/2021 00:12:50]: Peer 1004 received the 'have' message from 1005 for the piece 87.
[03/07/2021 00:12:50]: Peer 1004 is unchoked by 1009.
[03/07/2021 00:12:50]: Peer 1004 received the 'have' message from 1008 for the piece 3.
[03/07/2021 00:12:50]: Peer 1004 received the 'have' message from 1008 for the piece 100.
[03/07/2021 00:12:50]: Peer 1004 received the 'have' message from 1005 for the piece 128.
[03/07/2021 00:12:50]: Peer 1004 received the 'have' message from 1009 for the piece 124.
[03/07/2021 00:12:50]: Peer 1004 received the 'have' message from 1005 for the piece 124.
[03/07/2021 00:12:50]: Peer 1004 received the 'have' message from 1005 for the piece 93.
[03/07/2021 00:12:50]: Peer 1004 received the 'have' message from 1003 for the piece 25.
[03/07/2021 00:12:50]: Peer 1004 received the 'have' message from 1003 for the piece 46.
[03/07/2021 00:12:50]: Peer 1004 received the 'have' message from 1009 for the piece 28.
[03/07/2021 00:12:50]: Peer 1004 received the 'have' message from 1009 for the piece 111.
[03/07/2021 00:12:50]: Peer 1004 received the 'have' message from 1009 for the piece 4.
[03/07/2021 00:12:50]: Peer 1004 received the 'have' message from 1008 for the piece 83.
[03/07/2021 00:12:50]: Peer 1004 received the 'have' message from 1005 for the piece 10.
[03/07/2021 00:12:50]: Peer 1004 received the 'have' message from 1007 for the piece 34.
[03/07/2021 00:12:51]: Peer 1004 received the 'have' message from 1005 for the piece 89.
[03/07/2021 00:12:51]: Peer 1004 received the 'have' message from 1008 for the piece 84.
[03/07/2021 00:12:51]: Peer 1004 received the 'have' message from 1007 for the piece 123.
[03/07/2021 00:12:51]: Peer 1004 has downloaded the piece 115 from 1007. Now the number of pieces it has is 24.
[03/07/2021 00:12:51]: Peer 1004 received the 'have' message from 1007 for the piece 96.
[03/07/2021 00:12:51]: Peer 1004 received the 'have' message from 1007 for the piece 75.
[03/07/2021 00:12:51]: Peer 1004 received the 'have' message from 1009 for the piece 131.
[03/07/2021 00:12:51]: Peer 1004 has downloaded the piece 111 from 1009. Now the number of pieces it has is 25.
[03/07/2021 00:12:51]: Peer 1004 received the 'have' message from 1009 for the piece 116.
[03/07/2021 00:12:51]: Peer 1004 received the 'have' message from 1009 for the piece 31.
[03/07/2021 00:12:52]: Peer 1004 received the 'have' message from 1009 for the piece 113.
[03/07/2021 00:12:52]: Peer 1004 received the 'have' message from 1009 for the piece 87.
[03/07/2021 00:12:52]: Peer 1004 received the 'have' message from 1003 for the piece 27.
[03/07/2021 00:12:52]: Peer 1004 has downloaded the piece 121 from 1008. Now the number of pieces it has is 26.
[03/07/2021 00:12:52]: Peer 1004 received the 'have' message from 1008 for the piece 19.
[03/07/2021 00:12:52]: Peer 1004 has downloaded the piece 112 from 1005. Now the number of pieces it has is 27.
[03/07/2021 00:12:52]: Peer 1004 received the 'have' message from 1009 for the piece 69.
[03/07/2021 00:12:52]: Peer 1004 received the 'have' message from 1009 for the piece 126.
[03/07/2021 00:12:52]: Peer 1004 received the 'have' message from 1003 for the piece 45.
[03/07/2021 00:12:52]: Peer 1004 received the 'have' message from 1003 for the piece 114.
[03/07/2021 00:12:52]: Peer 1004 received the 'have' message from 1003 for the piece 29.
[03/07/2021 00:12:52]: Peer 1004 is unchoked by 1002.
[03/07/2021 00:12:52]: Peer 1004 received the 'have' message from 1002 for the piece 60.
[03/07/2021 00:12:52]: Peer 1004 received the 'have' message from 1002 for the piece 113.
[03/07/2021 00:12:52]: Peer 1004 received the 'have' message from 1002 for the piece 25.
[03/07/2021 00:12:52]: Peer 1004 received the 'have' message from 1003 for the piece 17.
[03/07/2021 00:12:52]: Peer 1004 received the 'have' message from 1008 for the piece 58.
[03/07/2021 00:12:52]: Peer 1004 received the 'have' message from 1008 for the piece 14.
[03/07/2021 00:12:52]: Peer 1004 received the 'have' message from 1005 for the piece 116.
[03/07/2021 00:12:52]: Peer 1004 received the 'have' message from 1005 for the piece 67.
[03/07/2021 00:12:52]: Peer 1004 received the 'have' message from 1005 for the piece 88.
[03/07/2021 00:12:52]: Peer 1004 received the 'have' message from 1005 for the piece 22.
[03/07/2021 00:12:52]: Peer 1004 received the 'have' message from 1009 for the piece 132.
[03/07/2021 00:12:52]: Peer 1004 received the 'have' message from 1009 for the piece 76.
[03/07/2021 00:12:52]: Peer 1004 received the 'have' message from 1007 for the piece 61.
[03/07/2021 00:12:52]: Peer 1004 has downloaded the piece 116 from 1007. Now the number of pieces it has is 28.
[03/07/2021 00:12:52]: Peer 1004 received the 'have' message from 1007 for the piece 23.
[03/07/2021 00:12:52]: Peer 1004 received the 'have' message from 1003 for the piece 118.
[03/07/2021 00:12:52]: Peer 1004 received the 'have' message from 1003 for the piece 82.
[03/07/2021 00:12:52]: Peer 1004 received the 'have' message from 1002 for the piece 43.
[03/07/2021 00:12:52]: Peer 1004 received the 'have' message from 1009 for the piece 117.
[03/07/2021 00:12:52]: Peer 1004 received the 'have' message from 1009 for the piece 27.
[03/07/2021 00:12:52]: Peer 1004 received the 'have' message from 1008 for the piece 28.
[03/07/2021 00:12:52]: Peer 1004 received the 'have' message from 1002 for the piece 54.
[03/07/2021 00:12:52]: Peer 1004 received the 'have' message from 1002 for the piece 16.
[03/07/2021 00:12:52]: Peer 1004 received the 'have' message from 1002 for the piece 95.
[03/07/2021 00:12:52]: Peer 1004 received the 'have' message from 1009 for the piece 43.
[03/07/2021 00:12:52]: Peer 1004 received the 'have' message from 1009 for the piece 16.
[03/07/2021 00:12:52]: Peer 1004 received the 'have' message from 1005 for the piece 3.
[03/07/2021 00:12:52]: Peer 1004 received the 'have' message from 1005 for the piece 96.
[03/07/2021 00:12:52]: Peer 1004 received the 'have' message from 1009 for the piece 94.
[03/07/2021 00:12:52]: Peer 1004 received the 'have' message from 1003 for the piece 3.
[03/07/2021 00:12:52]: Peer 1004 received the 'have' message from 1003 for the piece 89.
[03/07/2021 00:12:52]: Peer 1004 received the 'have' message from 1003 for the piece 107.
[03/07/2021 00:12:52]: Peer 1004 received the 'have' message from 1003 for the piece 30.
[03/07/2021 00:12:52]: Peer 1004 received the 'have' message from 1003 for the piece 2.
[03/07/2021 00:12:52]: Peer 1004 received the 'have' message from 1003 for the piece 75.
[03/07/2021 00:12:52]: Peer 1004 received the 'have' message from 1005 for the piece 53.
[03/07/2021 00:12:52]: Peer 1004 has downloaded the piece 10 from 1005. Now the number of pieces it has is 29.
[03/07/2021 00:12:52]: Peer 1004 received the 'have' message from 1005 for the piece 114.
[03/07/2021 00:12:52]: Peer 1004 received the 'have' message from 1008 for the piece 48.
[03/07/2021 00:12:52]: Peer 1004 has downloaded the piece 16 from 1002. Now the number of pieces it has is 30.
[03/07/2021 00:12:52]: Peer 1004 received the 'have' message from 1008 for the piece 122.
[03/07/2021 00:12:52]: Peer 1004 received the 'have' message from 1002 for the piece 14.
[03/07/2021 00:12:52]: Peer 1004 received the 'have' message from 1008 for the piece 120.
[03/07/2021 00:12:52]: Peer 1004 has downloaded the piece 56 from 1002. Now the number of pieces it has is 31.
[03/07/2021 00:12:52]: Peer 1004 received the 'have' message from 1002 for the piece 85.
[03/07/2021 00:12:52]: Peer 1004 received the 'have' message from 1003 for the piece 128.
[03/07/2021 00:12:52]: Peer 1004 has downloaded the piece 20 from 1007. Now the number of pieces it has is 32.
[03/07/2021 00:12:52]: Peer 1004 received the 'have' message from 1007 for the piece 88.
[03/07/2021 00:12:52]: Peer 1004 received the 'have' message from 1007 for the piece 64.
[03/07/2021 00:12:52]: Peer 1004 received the 'have' message from 1007 for the piece 29.
[03/07/2021 00:12:52]: Peer 1004 received the 'have' message from 1007 for the piece 52.
[03/07/2021 00:12:52]: Peer 1004 has downloaded the piece 131 from 1009. Now the number of pieces it has is 33.
[03/07/2021 00:12:52]: Peer 1004 received the 'have' message from 1009 for the piece 49.
[03/07/2021 00:12:52]: Peer 1004 received the 'have' message from 1003 for the piece 61.
[03/07/2021 00:12:52]: Peer 1004 received the 'have' message from 1005 for the piece 130.
[03/07/2021 00:12:53]: Peer 1004 has downloaded the piece 126 from 1005. Now the number of pieces it has is 34.
[03/07/2021 00:12:53]: Peer 1004 received the 'have' message from 1005 for the piece 61.
[03/07/2021 00:12:53]: Peer 1004 received the 'have' message from 1005 for the piece 56.
[03/07/2021 00:12:53]: Peer 1004 received the 'have' message from 1005 for the piece 36.
[03/07/2021 00:12:53]: Peer 1004 is unchoked by 1001.
[03/07/2021 00:12:53]: Peer 1004 received the 'have' message from 1009 for the piece 121.
[03/07/2021 00:12:53]: Peer 1004 received the 'have' message from 1009 for the piece 54.
[03/07/2021 00:12:53]: Peer 1004 has downloaded the piece 120 from 1001. Now the number of pieces it has is 35.
[03/07/2021 00:12:53]: Peer 1004 is unchoked by 1006.
[03/07/2021 00:12:53]: Peer 1004 received the 'have' message from 1007 for the piece 107.
[03/07/2021 00:12:53]: Peer 1004 received the 'have' message from 1007 for the piece 6.
[03/07/2021 00:12:53]: Peer 1004 has downloaded the piece 68 from 1002. Now the number of pieces it has is 36.
[03/07/2021 00:12:53]: Peer 1004 received the 'have' message from 1002 for the piece 20.
[03/07/2021 00:12:53]: Peer 1004 received the 'have' message from 1002 for the piece 59.
[03/07/2021 00:12:53]: Peer 1004 received the 'have' message from 1002 for the piece 86.
[03/07/2021 00:12:53]: Peer 1004 received the 'have' message from 1002 for the piece 83.
[03/07/2021 00:12:53]: Peer 1004 received the 'have' message from 1003 for the piece 16.
[03/07/2021 00:12:53]: Peer 1004 has downloaded the piece 130 from 1005. Now the number of pieces it has is 37.
[03/07/2021 00:12:53]: Peer 1004 received the 'have' message from 1005 for the piece 16.
[03/07/2021 00:12:53]: Peer 1004 received the 'have' message from 1005 for the piece 21.
[03/07/2021 00:12:53]: Peer 1004 has downloaded the piece 31 from 1005. Now the number of pieces it has is 38.
[03/07/2021 00:12:53]: Peer 1004 received the 'have' message from 1007 for the piece 55.
[03/07/2021 00:12:53]: Peer 1004 has downloaded the piece 43 from 1007. Now the number of pieces it has is 39.
[03/07/2021 00:12:53]: Peer 1004 received the 'have' message from 1007 for the piece 16.
[03/07/2021 00:12:53]: Peer 1004 has downloaded the piece 25 from 1001. Now the number of pieces it has is 40.
[03/07/2021 00:12:53]: Peer 1004 has downloaded the piece 53 from 1008. Now the number of pieces it has is 41.
[03/07/2021 00:12:53]: Peer 1004 received the 'have' message from 1008 for the piece 97.
[03/07/2021 00:12:53]: Peer 1004 received the 'have' message from 1009 for the piece 89.
[03/07/2021 00:12:53]: Peer 1004 received the 'have' message from 1003 for the piece 102.
[03/07/2021 00:12:53]: Peer 1004 received the 'have' message from 1003 for the piece 12.
[03/07/2021 00:12:53]: Peer 1004 received the 'have' message from 1003 for the piece 88.
[03/07/2021 00:12:53]: Peer 1004 has downloaded the piece 23 from 1006. Now the number of pieces it has is 42.
[03/07/2021 00:12:55]: Peer 1004 has the optimistically unchoked neighbor 1003.
[03/07/2021 00:12:55]: Peer 1004 has the preferred neighbors 1007, 1005, 1008.
[03/07/2021 00:12:55]: Peer 1004 received the 'have' message from 1007 for the piece 14.
[03/07/2021 00:12:56]: Peer 1004 received the 'have' message from 1007 for the piece 22.
[03/07/2021 00:12:56]: Peer 1004 received the 'have' message from 1008 for the piece 131.
[03/07/2021 00:12:56]: Peer 1004 received the 'have' message from 1008 for the piece 89.
[03/07/2021 00:12:56]: Peer 1004 received the 'have' message from 1003 for the piece 55.
[03/07/2021 00:12:56]: Peer 1004 received the 'have' message from 1008 for the piece 23.
[03/07/2021 00:12:56]: Peer 1004 is choked by 1008.
[03/07/2021 00:12:56]: Peer 1004 received the 'have' message from 1008 for the piece 45.
[03/07/2021 00:12:56]: Peer 1004 received the 'have' message from 1008 for the piece 15.
[03/07/2021 00:12:56]: Peer 1004 received the 'have' message from 1008 for the piece 92.
[03/07/2021 00:12:56]: Peer 1004 received the 'have' message from 1008 for the piece 20.
[03/07/2021 00:12:56]: Peer 1004 received the 'have' message from 1008 for the piece 21.
[03/07/2021 00:12:56]: Peer 1004 received the 'have' message from 1008 for the piece 16.
[03/07/2021 00:12:56]: Peer 1004 received the 'have' message from 1003 for the piece 121.
[03/07/2021 00:12:56]: Peer 1004 has downloaded the piece 49 from 1009. Now the number of pieces it has is 43.
[03/07/2021 00:12:56]: Peer 1004 received the 'have' message from 1007 for the piece 50.
[03/07/2021 00:12:56]: Peer 1004 received the 'have' message from 1005 for the piece 106.
[03/07/2021 00:12:56]: Peer 1004 received the 'have' message from 1005 for the piece 6.
[03/07/2021 00:12:56]: Peer 1004 received the 'have' message from 1005 for the piece 32.
[03/07/2021 00:12:56]: Peer 1004 received the 'have' message from 1005 for the piece 132.
[03/07/2021 00:12:56]: Peer 1004 received the 'have' message from 1002 for the piece 52.
[03/07/2021 00:12:56]: Peer 1004 received the 'have' message from 1007 for the piece 104.
[03/07/2021 00:12:56]: Peer 1004 received the 'have' message from 1003 for the piece 123.
[03/07/2021 00:12:56]: Peer 1004 received the 'have' message from 1007 for the piece 122.
[03/07/2021 00:12:56]: Peer 1004 received the 'have' message from 1007 for the piece 90.
[03/07/2021 00:12:56]: Peer 1004 has downloaded the piece 21 from 1002. Now the number of pieces it has is 44.
[03/07/2021 00:12:56]: Peer 1004 received the 'have' message from 1002 for the piece 117.
[03/07/2021 00:12:56]: Peer 1004 received the 'have' message from 1002 for the piece 123.
[03/07/2021 00:12:56]: Peer 1004 received the 'have' message from 1002 for the piece 64.
[03/07/2021 00:12:56]: Peer 1004 received the 'have' message from 1003 for the piece 52.
[03/07/2021 00:12:56]: Peer 1004 received the 'have' message from 1007 for the piece 111.
[03/07/2021 00:12:56]: Peer 1004 received the 'have' message from 1005 for the piece 65.
[03/07/2021 00:12:56]: Peer 1004 received the 'have' message from 1009 for the piece 59.
[03/07/2021 00:12:56]: Peer 1004 received the 'have' message from 1005 for the piece 46.
[03/07/2021 00:12:56]: Peer 1004 received the 'have' message from 1005 for the piece 109.
[03/07/2021 00:12:56]: Peer 1004 is unchoked by 1003.
[03/07/2021 00:12:56]: Peer 1004 received the 'have' message from 1005 for the piece 129.
[03/07/2021 00:12:56]: Peer 1004 received the 'have' message from 1002 for the piece 77.
[03/07/2021 00:12:56]: Peer 1004 is choked by 1002.
[03/07/2021 00:12:56]: Peer 1004 has downloaded the piece 32 from 1001. Now the number of pieces it has is 45.
[03/07/2021 00:12:56]: Peer 1004 received the 'have' message from 1005 for the piece 39.
[03/07/2021 00:12:56]: Peer 1004 received the 'have' message from 1008 for the piece 46.
[03/07/2021 00:12:56]: Peer 1004 received the 'have' message from 1008 for the piece 12.
[03/07/2021 00:12:56]: Peer 1004 received the 'have' message from 1003 for the piece 112.
[03/07/2021 00:12:56]: Peer 1004 received the 'have' message from 1003 for the piece 81.
[03/07/2021 00:12:56]: Peer 1004 has downloaded the piece 123 from 1001. Now the number of pieces it has is 46.
[03/07/2021 00:12:56]: Peer 1004 has downloaded the piece 12 from 1007. Now the number of pieces it has is 47.
[03/07/2021 00:12:56]: Peer 1004 received the 'have' message from 1007 for the piece 101.
[03/07/2021 00:12:56]: Peer 1004 received the 'have' message from 1007 for the piece 10.
[03/07/2021 00:12:56]: Peer 1004 received the 'have' message from 1003 for the piece 18.
[03/07/2021 00:12:56]: Peer 1004 has downloaded the piece 42 from 1006. Now the number of pieces it has is 48.
[03/07/2021 00:12:56]: Peer 1004 received the 'have' message from 1009 for the piece 42.
[03/07/2021 00:12:56]: Peer 1004 has downloaded the piece 57 from 1009. Now the number of pieces it has is 49.
[03/07/2021 00:12:56]: Peer 1004 received the 'have' message from 1005 for the piece 122.
[03/07/2021 00:12:56]: Peer 1004 received the 'have' message from 1005 for the piece 68.
[03/07/2021 00:12:56]: Peer 1004 received the 'have' message from 1005 for the piece 83.
[03/07/2021 00:12:56]: Peer 1004 has downloaded the piece 47 from 1005. Now the number of pieces it has is 50.
[03/07/2021 00:12:56]: Peer 1004 received the 'have' message from 1005 for the piece 60.
[03/07/2021 00:12:57]: Peer 1004 received the 'have' message from 1009 for the piece 60.
[03/07/2021 00:12:57]: Peer 1004 has downloaded the piece 71 from 1001. Now the number of pieces it has is 51.
[03/07/2021 00:12:57]: Peer 1004 has downloaded the piece 30 from 1003. Now the number of pieces it has is 52.
[03/07/2021 00:12:57]: Peer 1004 received the 'have' message from 1003 for the piece 6.
[03/07/2021 00:12:57]: Peer 1004 received the 'have' message from 1003 for the piece 124.
[03/07/2021 00:12:57]: Peer 1004 received the 'have' message from 1003 for the piece 86.
[03/07/2021 00:12:57]: Peer 1004 received the 'have' message from 1008 for the piece 49.
[03/07/2021 00:12:57]: Peer 1004 received the 'have' message from 1008 for the piece 43.
[03/07/2021 00:12:57]: Peer 1004 received the 'have' message from 1009 for the piece 84.
[03/07/2021 00:12:57]: Peer 1004 has downloaded the piece 14 from 1001. Now the number of pieces it has is 53.
[03/07/2021 00:12:57]: Peer 1004 received the 'have' message from 1008 for the piece 10.
[03/07/2021 00:12:57]: Peer 1004 received the 'have' message from 1008 for the piece 29.
[03/07/2021 00:12:57]: Peer 1004 received the 'have' message from 1008 for the piece 70.
[03/07/2021 00:12:57]: Peer 1004 received the 'have' message from 1008 for the piece 95.
[03/07/2021 00:12:57]: Peer 1004 received the 'have' message from 1008 for the piece 127.
[03/07/2021 00:12:57]: Peer 1004 received the 'have' message from 1008 for the piece 59.
[03/07/2021 00:12:57]: Peer 1004 has downloaded the piece 51 from 1001. Now the number of pieces it has is 54.
[03/07/2021 00:12:57]: Peer 1004 received the 'have' message from 1005 for the piece 20.
[03/07/2021 00:12:57]: Peer 1004 received the 'have' message from 1002 for the piece 92.
[03/07/2021 00:12:57]: Peer 1004 received the 'have' message from 1002 for the piece 84.
[03/07/2021 00:12:57]: Peer 1004 received the 'have' message from 1002 for the piece 42.
[03/07/2021 00:12:57]: Peer 1004 received the 'have' message from 1002 for the piece 27.
[03/07/2021 00:12:57]: Peer 1004 received the 'have' message from 1007 for the piece 28.
[03/07/2021 00:12:57]: Peer 1004 received the 'have' message from 1007 for the piece 103.
[03/07/2021 00:12:57]: Peer 1004 has downloaded the piece 28 from 1001. Now the number of pieces it has is 55.
[03/07/2021 00:12:58]: Peer 1004 received the 'have' message from 1009 for the piece 112.
[03/07/2021 00:12:58]: Peer 1004 received the 'have' message from 1009 for the piece 10.
[03/07/2021 00:12:58]: Peer 1004 received the 'have' message from 1009 for the piece 97.
[03/07/2021 00:12:58]: Peer 1004 received the 'have' message from 1009 for the piece 14.
[03/07/2021 00:12:58]: Peer 1004 received the 'have' message from 1008 for the piece 61.
[03/07/2021 00:12:58]: Peer 1004 received the 'have' message from 1008 for the piece 24.
[03/07/2021 00:12:58]: Peer 1004 received the 'have' message from 1007 for the piece 106.
[03/07/2021 00:12:58]: Peer 1004 has downloaded the piece 96 from 1001. Now the number of pieces it has is 56.
[03/07/2021 00:12:58]: Peer 1004 is choked by 1006.
[03/07/2021 00:12:58]: Peer 1004 received the 'have' message from 1008 for the piece 64.
[03/07/2021 00:12:58]: Peer 1004 received the 'have' message from 1008 for the piece 66.
[03/07/2021 00:12:58]: Peer 1004 received the 'have' message from 1008 for the piece 123.
[03/07/2021 00:12:58]: Peer 1004 received the 'have' message from 1002 for the piece 126.
[03/07/2021 00:12:58]: Peer 1004 received the 'have' message from 1002 for the piece 87.
[03/07/2021 00:12:58]: Peer 1004 received the 'have' message from 1002 for the piece 78.
[03/07/2021 00:12:58]: Peer 1004 has downloaded the piece 45 from 1001. Now the number of pieces it has is 57.
[03/07/2021 00:12:58]: Peer 1004 received the 'have' message from 1003 for the piece 99.
[03/07/2021 00:12:58]: Peer 1004 has downloaded the piece 34 from 1001. Now the number of pieces it has is 58.
[03/07/2021 00:12:58]: Peer 1004 received the 'have' message from 1005 for the piece 115.
[03/07/2021 00:12:58]: Peer 1004 received the 'have' message from 1005 for the piece 43.
[03/07/2021 00:12:58]: Peer 1004 received the 'have' message from 1008 for the piece 81.
[03/07/2021 00:12:58]: Peer 1004 received the 'have' message from 1008 for the piece 105.
[03/07/2021 00:12:58]: Peer 1004 received the 'have' message from 1008 for the piece 40.
[03/07/2021 00:12:58]: Peer 1004 received the 'have' message from 1007 for the piece 19.
[03/07/2021 00:12:58]: Peer 1004 received the 'have' message from 1007 for the piece 86.
[03/07/2021 00:12:58]: Peer 1004 received the 'have' message from 1007 for the piece 40.
[03/07/2021 00:12:58]: Peer 1004 has downloaded the piece 37 from 1009. Now the number of pieces it has is 59.
[03/07/2021 00:12:58]: Peer 1004 received the 'have' message from 1009 for the piece 11.
[03/07/2021 00:12:58]: Peer 1004 received the 'have' message from 1009 for the piece 67.
[03/07/2021 00:12:58]: Peer 1004 received the 'have' message from 1009 for the piece 0.
[03/07/2021 00:12:58]: Peer 1004 received the 'have' message from 1005 for the piece 28.
[03/07/2021 00:12:58]: Peer 1004 received the 'have' message from 1005 for the piece 57.
[03/07/2021 00:12:58]: Peer 1004 received the 'have' message from 1005 for the piece 27.
[03/07/2021 00:12:58]: Peer 1004 received the 'have' message from 1007 for the piece 92.
[03/07/2021 00:12:58]: Peer 1004 received the 'have' message from 1007 for the piece 48.
[03/07/2021 00:12:58]: Peer 1004 received the 'have' message from 1007 for the piece 42.
[03/07/2021 00:12:58]: Peer 1004 received the 'have' message from 1007 for the piece 132.
[03/07/2021 00:12:58]: Peer 1004 received the 'have' message from 1007 for the piece 49.
[03/07/2021 00:12:58]: Peer 1004 received the 'have' message from 1005 for the piece 92.
[03/07/2021 00:12:58]: Peer 1004 received the 'have' message from 1005 for the piece 111.
[03/07/2021 00:12:58]: Peer 1004 received the 'have' message from 1005 for the piece 17.
[03/07/2021 00:12:58]: Peer 1004 received the 'have' message from 1007 for the piece 95.
[03/07/2021 00:12:58]: Peer 1004 received the 'have' message from 1007 for the piece 94.
[03/07/2021 00:12:58]: Peer 1004 received the 'have' message from 1007 for the piece 129.
[03/07/2021 00:12:58]: Peer 1004 is choked by 1007.
[03/07/2021 00:12:58]: Peer 1004 has downloaded the piece 27 from 1001. Now the number of pieces it has is 60.
[03/07/2021 00:12:58]: Peer 1004 received the 'have' message from 1003 for the piece 97.
[03/07/2021 00:12:58]: Peer 1004 received the 'have' message from 1003 for the piece 1.
[03/07/2021 00:12:58]: Peer 1004 received the 'have' message from 1003 for the piece 21.
[03/07/2021 00:12:58]: Peer 1004 has downloaded the piece 86 from 1003. Now the number of pieces it has is 61.
[03/07/2021 00:12:58]: Peer 1004 received the 'have' message from 1009 for the piece 96.
[03/07/2021 00:12:58]: Peer 1004 received the 'have' message from 1009 for the piece 63.
[03/07/2021 00:12:58]: Peer 1004 received the 'have' message from 1009 for the piece 92.
[03/07/2021 00:12:58]: Peer 1004 received the 'have' message from 1009 for the piece 85.
[03/07/2021 00:12:58]: Peer 1004 received the 'have' message from 1009 for the piece 78.
[03/07/2021 00:12:58]: Peer 1004 received the 'have' message from 1003 for the piece 117.
[03/07/2021 00:12:58]: Peer 1004 has downloaded the piece 132 from 1001. Now the number of pieces it has is 62.
[03/07/2021 00:12:58]: Peer 1004 received the 'have' message from 1009 for the piece 62.
[03/07/2021 00:12:58]: Peer 1004 received the 'have' message from 1003 for the piece 116.
[03/07/2021 00:12:58]: Peer 1004 received the 'have' message from 1003 for the piece 79.
[03/07/2021 00:12:58]: Peer 1004 has downloaded the piece 55 from 1005. Now the number of pieces it has is 63.
[03/07/2021 00:12:58]: Peer 1004 received the 'have' message from 1005 for the piece 4.
[03/07/2021 00:12:58]: Peer 1004 received the 'have' message from 1003 for the piece 49.
[03/07/2021 00:12:58]: Peer 1004 received the 'have' message from 1007 for the piece 83.
[03/07/2021 00:12:58]: Peer 1004 received the 'have' message from 1007 for the piece 32.
[03/07/2021 00:12:58]: Peer 1004 received the 'have' message from 1007 for the piece 68.
[03/07/2021 00:12:59]: Peer 1004 has downloaded the piece 95 from 1001. Now the number of pieces it has is 64.
[03/07/2021 00:12:59]: Peer 1004 received the 'have' message from 1002 for the piece 81.
[03/07/2021 00:12:59]: Peer 1004 received the 'have' message from 1002 for the piece 45.
[03/07/2021 00:12:59]: Peer 1004 received the 'have' message from 1002 for the piece 111.
[03/07/2021 00:12:59]: Peer 1004 is unchoked by 1008.
[03/07/2021 00:12:59]: Peer 1004 has downloaded the piece 63 from 1009. Now the number of pieces it has is 65.
[03/07/2021 00:12:59]: Peer 1004 received the 'have' message from 1009 for the piece 39.
[03/07/2021 00:12:59]: Peer 1004 received the 'have' message from 1009 for the piece 64.
[03/07/2021 00:12:59]: Peer 1004 received the 'have' message from 1007 for the piece 65.
[03/07/2021 00:12:59]: Peer 1004 received the 'have' message from 1003 for the piece 42.
[03/07/2021 00:12:59]: Peer 1004 has downloaded the piece 11 from 1009. Now the number of pieces it has is 66.
[03/07/2021 00:12:59]: Peer 1004 received the 'have' message from 1009 for the piece 26.
[03/07/2021 00:12:59]: Peer 1004 received the 'have' message from 1009 for the piece 32.
[03/07/2021 00:12:59]: Peer 1004 received the 'have' message from 1009 for the piece 86.
[03/07/2021 00:12:59]: Peer 1004 received the 'have' message from 1007 for the piece 130.
[03/07/2021 00:12:59]: Peer 1004 received the 'have' message from 1008 for the piece 6.
[03/07/2021 00:12:59]: Peer 1004 is unchoked by 1002.
[03/07/2021 00:12:59]: Peer 1004 has downloaded the piece 65 from 1001. Now the number of pieces it has is 67.
[03/07/2021 00:12:59]: Peer 1004 received the 'have' message from 1007 for the piece 51.
[03/07/2021 00:12:59]: Peer 1004 received the 'have' message from 1008 for the piece 9.
[03/07/2021 00:12:59]: Peer 1004 received the 'have' message from 1008 for the piece 68.
[03/07/2021 00:12:59]: Peer 1004 has downloaded the piece 92 from 1002. Now the number of pieces it has is 68.
[03/07/2021 00:12:59]: Peer 1004 has downloaded the piece 82 from 1003. Now the number of pieces it has is 69.
[03/07/2021 00:12:59]: Peer 1004 received the 'have' message from 1003 for the piece 71.
[03/07/2021 00:12:59]: Peer 1004 received the 'have' message from 1003 for the piece 44.
[03/07/2021 00:12:59]: Peer 1004 received the 'have' message from 1003 for the piece 39.
[03/07/2021 00:12:59]: Peer 1004 received the 'have' message from 1003 for the piece 13.
[03/07/2021 00:12:59]: Peer 1004 received the 'have' message from 1005 for the piece 104.
[03/07/2021 00:12:59]: Peer 1004 received the 'have' message from 1005 for the piece 59.
[03/07/2021 00:12:59]: Peer 1004 received the 'have' message from 1005 for the piece 121.
[03/07/2021 00:12:59]: Peer 1004 received the 'have' message from 1005 for the piece 125.
[03/07/2021 00:12:59]: Peer 1004 received the 'have' message from 1005 for the piece 79.
[03/07/2021 00:12:59]: Peer 1004 received the 'have' message from 1005 for the piece 12.
[03/07/2021 00:12:59]: Peer 1004 received the 'have' message from 1005 for the piece 95.
[03/07/2021 00:12:59]: Peer 1004 received the 'have' message from 1005 for the piece 107.
[03/07/2021 00:12:59]: Peer 1004 has downloaded the piece 60 from 1005. Now the number of pieces it has is 70.
[03/07/2021 00:12:59]: Peer 1004 received the 'have' message from 1005 for the piece 35.
[03/07/2021 00:12:59]: Peer 1004 received the 'have' message from 1005 for the piece 44.
[03/07/2021 00:12:59]: Peer 1004 received the 'have' message from 1005 for the piece 38.
[03/07/2021 00:12:59]: Peer 1004 received the 'have' message from 1008 for the piece 71.
[03/07/2021 00:12:59]: Peer 1004 received the 'have' message from 1008 for the piece 42.
[03/07/2021 00:12:59]: Peer 1004 has downloaded the piece 72 from 1008. Now the number of pieces it has is 71.
[03/07/2021 00:12:59]: Peer 1004 received the 'have' message from 1008 for the piece 67.
[03/07/2021 00:12:59]: Peer 1004 received the 'have' message from 1008 for the piece 55.
[03/07/2021 00:12:59]: Peer 1004 received the 'have' message from 1008 for the piece 0.
[03/07/2021 00:13:00]: Peer 1004 received the 'have' message from 1007 for the piece 77.
[03/07/2021 00:13:00]: Peer 1004 received the 'have' message from 1002 for the piece 0.
[03/07/2021 00:13:00]: Peer 1004 has downloaded the piece 81 from 1002. Now the number of pieces it has is 72.
[03/07/2021 00:13:00]: Peer 1004 received the 'have' message from 1007 for the piece 71.
[03/07/2021 00:13:00]: Peer 1004 received the 'have' message from 1008 for the piece 132.
[03/07/2021 00:13:00]: Peer 1004 received the 'have' message from 1008 for the piece 110.
[03/07/2021 00:13:00]: Peer 1004 has downloaded the piece 98 from 1001. Now the number of pieces it has is 73.
[03/07/2021 00:13:00]: Peer 1004 has downloaded the piece 67 from 1001. Now the number of pieces it has is 74.
[03/07/2021 00:13:00]: Peer 1004 received the 'have' message from 1002 for the piece 28.
[03/07/2021 00:13:00]: Peer 1004 received the 'have' message from 1002 for the piece 103.
[03/07/2021 00:13:00]: Peer 1004 has downloaded the piece 50 from 1009. Now the number of pieces it has is 75.
[03/07/2021 00:13:00]: Peer 1004 received the 'have' message from 1003 for the piece 63.
[03/07/2021 00:13:00]: Peer 1004 received the 'have' message from 1003 for the piece 43.
[03/07/2021 00:13:00]: Peer 1004 received the 'have' message from 1003 for the piece 68.
[03/07/2021 00:13:00]: Peer 1004 received the 'have' message from 1007 for the piece 45.
[03/07/2021 00:13:00]: Peer 1004 received the 'have' message from 1007 for the piece 60.
[03/07/2021 00:13:00]: Peer 1004 received the 'have' message from 1007 for the piece 62.
[03/07/2021 00:13:00]: Peer 1004 received the 'have' message from 1007 for the piece 63.
[03/07/2021 00:13:00]: Peer 1004 received the 'have' message from 1002 for the piece 63.
[03/07/2021 00:13:00]: Peer 1004 received the 'have' message from 1002 for the piece 131.
[03/07/2021 00:13:00]: Peer 1004 received the 'have' message from 1008 for the piece 51.
[03/07/2021 00:13:00]: Peer 1004 received the 'have' message from 1003 for the piece 19.
[03/07/2021 00:13:00]: Peer 1004 received the 'have' message from 1003 for the piece 23.
[03/07/2021 00:13:00]: Peer 1004 received the 'have' message from 1005 for the piece 117.
[03/07/2021 00:13:00]: Peer 1004 has the preferred neighbors 1009, 1002, 1005.
[03/07/2021 00:13:00]: Peer 1004 has downloaded the piece 33 from 1001. Now the number of pieces it has is 76.
[03/07/2021 00:13:00]: Peer 1004 received the 'have' message from 1003 for the piece 41.
[03/07/2021 00:13:00]: Peer 1004 received the 'have' message from 1003 for the piece 10.
[03/07/2021 00:13:00]: Peer 1004 received the 'have' message from 1003 for the piece 24.
[03/07/2021 00:13:00]: Peer 1004 received the 'have' message from 1003 for the piece 0.
[03/07/2021 00:13:00]: Peer 1004 received the 'have' message from 1003 for the piece 122.
[03/07/2021 00:13:00]: Peer 1004 has downloaded the piece 13 from 1001. Now the number of pieces it has is 77.
[03/07/2021 00:13:00]: Peer 1004 has downloaded the piece 64 from 1002. Now the number of pieces it has is 78.
[03/07/2021 00:13:00]: Peer 1004 received the 'have' message from 1002 for the piece 4.
[03/07/2021 00:13:00]: Peer 1004 received the 'have' message from 1002 for the piece 118.
[03/07/2021 00:13:00]: Peer 1004 received the 'have' message from 1009 for the piece 93.
[03/07/2021 00:13:00]: Peer 1004 received the 'have' message from 1009 for the piece 119.
[03/07/2021 00:13:00]: Peer 1004 received the 'have' message from 1009 for the piece 35.
[03/07/2021 00:13:00]: Peer 1004 received the 'have' message from 1009 for the piece 104.
[03/07/2021 00:13:00]: Peer 1004 received the 'have' message from 1009 for the piece 34.
[03/07/2021 00:13:00]: Peer 1004 received the 'have' message from 1009 for the piece 12.
[03/07/2021 00:13:00]: Peer 1004 received the 'have' message from 1009 for the piece 9.
[03/07/2021 00:13:00]: Peer 1004 received the 'have' message from 1009 for the piece 47.
[03/07/2021 00:13:00]: Peer 1004 received the 'have' message from 1008 for the piece 65.
[03/07/2021 00:13:00]: Peer 1004 received the 'have' message from 1008 for the piece 130.
[03/07/2021 00:13:00]: Peer 1004 received the 'have' message from 1008 for the piece 77.
[03/07/2021 00:13:00]: Peer 1004 received the 'have' message from 1008 for the piece 56.
[03/07/2021 00:13:00]: Peer 1004 received the 'have' message from 1008 for the piece 11.
[03/07/2021 00:13:00]: Peer 1004 received the 'have' message from 1007 for the piece 125.
[03/07/2021 00:13:00]: Peer 1004 received the 'have' message from 1005 for the piece 58.
[03/07/2021 00:13:00]: Peer 1004 received the 'have' message from 1005 for the piece 103.
[03/07/2021 00:13:01]: Peer 1004 received the 'have' message from 1005 for the piece 71.
[03/07/2021 00:13:01]: Peer 1004 received the 'have' message from 1005 for the piece 64.
[03/07/2021 00:13:01]: Peer 1004 received the 'have' message from 1003 for the piece 5.
[03/07/2021 00:13:01]: Peer 1004 is choked by 1009.
[03/07/2021 00:13:01]: Peer 1004 received the 'have' message from 1009 for the piece 107.
[03/07/2021 00:13:01]: Peer 1004 received the 'have' message from 1009 for the piece 90.
[03/07/2021 00:13:01]: Peer 1004 received the 'have' message from 1009 for the piece 5.
[03/07/2021 00:13:01]: Peer 1004 received the 'have' message from 1009 for the piece 55.
[03/07/2021 00:13:01]: Peer 1004 received the 'have' message from 1003 for the piece 115.
[03/07/2021 00:13:01]: Peer 1004 received the 'have' message from 1008 for the piece 99.
[03/07/2021 00:13:01]: Peer 1004 received the 'have' message from 1008 for the piece 22.
[03/07/2021 00:13:01]: Peer 1004 received the 'have' message from 1005 for the piece 127.
[03/07/2021 00:13:01]: Peer 1004 received the 'have' message from 1005 for the piece 52.
[03/07/2021 00:13:01]: Peer 1004 received the 'have' message from 1007 for the piece 0.
[03/07/2021 00:13:01]: Peer 1004 received the 'have' message from 1007 for the piece 11.
[03/07/2021 00:13:01]: Peer 1004 received the 'have' message from 1007 for the piece 66.
[03/07/2021 00:13:01]: Peer 1004 received the 'have' message from 1007 for the piece 13.
[03/07/2021 00:13:01]: Peer 1004 received the 'have' message from 1007 for the piece 9.
[03/07/2021 00:13:01]: Peer 1004 received the 'have' message from 1003 for the piece 110.
[03/07/2021 00:13:01]: Peer 1004 received the 'have' message from 1003 for the piece 95.
[03/07/2021 00:13:01]: Peer 1004 received the 'have' message from 1003 for the piece 32.
[03/07/2021 00:13:01]: Peer 1004 received the 'have' message from 1003 for the piece 20.
[03/07/2021 00:13:01]: Peer 1004 received the 'have' message from 1003 for the piece 36.
[03/07/2021 00:13:01]: Peer 1004 received the 'have' message from 1009 for the piece 129.
[03/07/2021 00:13:01]: Peer 1004 received the 'have' message from 1009 for the piece 70.
[03/07/2021 00:13:01]: Peer 1004 received the 'have' message from 1009 for the piece 48.
[03/07/2021 00:13:01]: Peer 1004 received the 'have' message from 1009 for the piece 7.
[03/07/2021 00:13:01]: Peer 1004 received the 'have' message from 1009 for the piece 29.
[03/07/2021 00:13:01]: Peer 1004 received the 'have' message from 1009 for the piece 123.
[03/07/2021 00:13:01]: Peer 1004 received the 'have' message from 1003 for the piece 127.
[03/07/2021 00:13:01]: Peer 1004 received the 'have' message from 1003 for the piece 100.
[03/07/2021 00:13:01]: Peer 1004 received the 'have' message from 1005 for the piece 37.
[03/07/2021 00:13:01]: Peer 1004 received the 'have' message from 1005 for the piece 82.
[03/07/2021 00:13:01]: Peer 1004 received the 'have' message from 1005 for the piece 105.
[03/07/2021 00:13:01]: Peer 1004 received the 'have' message from 1005 for the piece 119.
[03/07/2021 00:13:01]: Peer 1004 received the 'have' message from 1005 for the piece 5.
[03/07/2021 00:13:01]: Peer 1004 received the 'have' message from 1005 for the piece 54.
[03/07/2021 00:13:01]: Peer 1004 received the 'have' message from 1005 for the piece 26.
[03/07/2021 00:13:01]: Peer 1004 received the 'have' message from 1005 for the piece 49.
[03/07/2021 00:13:01]: Peer 1004 received the 'have' message from 1005 for the piece 72.
[03/07/2021 00:13:01]: Peer 1004 received the 'have' message from 1005 for the piece 11.
[03/07/2021 00:13:01]: Peer 1004 received the 'have' message from 1005 for the piece 18.
[03/07/2021 00:13:01]: Peer 1004 received the 'have' message from 1002 for the piece 36.
[03/07/2021 00:13:01]: Peer 1004 has downloaded the piece 93 from 1001. Now the number of pieces it has is 79.
[03/07/2021 00:13:01]: Peer 1004 received the 'have' message from 1007 for the piece 15.
[03/07/2021 00:13:01]: Peer 1004 received the 'have' message from 1009 for the piece 125.
[03/07/2021 00:13:01]: Peer 1004 received the 'have' message from 1009 for the piece 71.
[03/07/2021 00:13:01]: Peer 1004 has downloaded the piece 79 from 1001. Now the number of pieces it has is 80.
[03/07/2021 00:13:01]: Peer 1004 has downloaded the piece 84 from 1003. Now the number of pieces it has is 81.
[03/07/2021 00:13:01]: Peer 1004 received the 'have' message from 1003 for the piece 67.
[03/07/2021 00:13:01]: Peer 1004 received the 'have' message from 1003 for the piece 91.
[03/07/2021 00:13:01]: Peer 1004 received the 'have' message from 1003 for the piece 8.
[03/07/2021 00:13:01]: Peer 1004 received the 'have' message from 1009 for the piece 130.
[03/07/2021 00:13:01]: Peer 1004 received the 'have' message from 1009 for the piece 46.
[03/07/2021 00:13:01]: Peer 1004 has downloaded the piece 66 from 1008. Now the number of pieces it has is 82.
[03/07/2021 00:13:01]: Peer 1004 received the 'have' message from 1008 for the piece 4.
[03/07/2021 00:13:01]: Peer 1004 received the 'have' message from 1008 for the piece 44.
[03/07/2021 00:13:01]: Peer 1004 received the 'have' message from 1008 for the piece 39.
[03/07/2021 00:13:01]: Peer 1004 has downloaded the piece 15 from 1001. Now the number of pieces it has is 83.
[03/07/2021 00:13:01]: Peer 1004 has downloaded the piece 61 from 1005. Now the number of pieces it has is 84.
[03/07/2021 00:13:01]: Peer 1004 received the 'have' message from 1005 for the piece 42.
[03/07/2021 00:13:01]: Peer 1004 received the 'have' message from 1005 for the piece 41.
[03/07/2021 00:13:01]: Peer 1004 received the 'have' message from 1005 for the piece 23.
[03/07/2021 00:13:01]: Peer 1004 received the 'have' message from 1009 for the piece 65.
[03/07/2021 00:13:01]: Peer 1004 received the 'have' message from 1009 for the piece 81.
[03/07/2021 00:13:01]: Peer 1004 received the 'have' message from 1009 for the piece 98.
[03/07/2021 00:13:01]: Peer 1004 received the 'have' message from 1003 for the piece 54.
[03/07/2021 00:13:01]: Peer 1004 received the 'have' message from 1003 for the piece 80.
[03/07/2021 00:13:01]: Peer 1004 received the 'have' message from 1008 for the piece 26.
[03/07/2021 00:13:02]: Peer 1004 received the 'have' message from 1008 for the piece 63.
[03/07/2021 00:13:02]: Peer 1004 received the 'have' message from 1008 for the piece 36.
[03/07/2021 00:13:02]: Peer 1004 has downloaded the piece 19 from 1001. Now the number of pieces it has is 85.
[03/07/2021 00:13:02]: Peer 1004 received the 'have' message from 1005 for the piece 0.
[03/07/2021 00:13:02]: Peer 1004 received the 'have' message from 1005 for the piece 80.
[03/07/2021 00:13:02]: Peer 1004 received the 'have' message from 1007 for the piece 99.
[03/07/2021 00:13:02]: Peer 1004 received the 'have' message from 1007 for the piece 35.
[03/07/2021 00:13:02]: Peer 1004 received the 'have' message from 1005 for the piece 97.
[03/07/2021 00:13:02]: Peer 1004 has downloaded the piece 35 from 1001. Now the number of pieces it has is 86.
[03/07/2021 00:13:02]: Peer 1004 received the 'have' message from 1008 for the piece 1.
[03/07/2021 00:13:03]: Peer 1004 received the 'have' message from 1009 for the piece 80.
[03/07/2021 00:13:03]: Peer 1004 received the 'have' message from 1009 for the piece 19.
[03/07/2021 00:13:03]: Peer 1004 received the 'have' message from 1009 for the piece 18.
[03/07/2021 00:13:03]: Peer 1004 received the 'have' message from 1008 for the piece 115.
[03/07/2021 00:13:03]: Peer 1004 has downloaded the piece 48 from 1001. Now the number of pieces it has is 87.
[03/07/2021 00:13:03]: Peer 1004 received the 'have' message from 1008 for the piece 79.
[03/07/2021 00:13:03]: Peer 1004 received the 'have' message from 1008 for the piece 38.
[03/07/2021 00:13:03]: Peer 1004 received the 'have' message from 1008 for the piece 125.
[03/07/2021 00:13:03]: Peer 1004 received the 'have' message from 1008 for the piece 8.
[03/07/2021 00:13:03]: Peer 1004 received the 'have' message from 1008 for the piece 82.
[03/07/2021 00:13:03]: Peer 1004 received the 'have' message from 1003 for the piece 14.
[03/07/2021 00:13:03]: Peer 1004 received the 'have' message from 1003 for the piece 64.
[03/07/2021 00:13:03]: Peer 1004 has downloaded the piece 91 from 1003. Now the number of pieces it has is 88.
[03/07/2021 00:13:03]: Peer 1004 received the 'have' message from 1003 for the piece 125.
[03/07/2021 00:13:03]: Peer 1004 has downloaded the piece 83 from 1002. Now the number of pieces it has is 89.
[03/07/2021 00:13:03]: Peer 1004 received the 'have' message from 1002 for the piece 79.
[03/07/2021 00:13:03]: Peer 1004 received the 'have' message from 1002 for the piece 61.
[03/07/2021 00:13:03]: Peer 1004 received the 'have' message from 1003 for the piece 65.
[03/07/2021 00:13:03]: Peer 1004 received the 'have' message from 1003 for the piece 119.
[03/07/2021 00:13:03]: Peer 1004 received the 'have' message from 1003 for the piece 9.
[03/07/2021 00:13:03]: Peer 1004 received the 'have' message from 1009 for the piece 118.
[03/07/2021 00:13:03]: Peer 1004 received the 'have' message from 1005 for the piece 86.
[03/07/2021 00:13:03]: Peer 1004 received the 'have' message from 1005 for the piece 51.
[03/07/2021 00:13:03]: Peer 1004 received the 'have' message from 1007 for the piece 119.
[03/07/2021 00:13:03]: Peer 1004 received the 'have' message from 1008 for the piece 94.
[03/07/2021 00:13:03]: Peer 1004 received the 'have' message from 1008 for the piece 91.
[03/07/2021 00:13:03]: Peer 1004 received the 'have' message from 1009 for the piece 13.
[03/07/2021 00:13:03]: Peer 1004 received the 'have' message from 1007 for the piece 98.
[03/07/2021 00:13:03]: Peer 1004 received the 'have' message from 1007 for the piece 44.
[03/07/2021 00:13:03]: Peer 1004 received the 'have' message from 1007 for the piece 81.
[03/07/2021 00:13:03]: Peer 1004 received the 'have' message from 1007 for the piece 82.
[03/07/2021 00:13:03]: Peer 1004 received the 'have' message from 1009 for the piece 20.
[03/07/2021 00:13:03]: Peer 1004 received the 'have' message from 1009 for the piece 52.
[03/07/2021 00:13:03]: Peer 1004 has downloaded the piece 104 from 1001. Now the number of pieces it has is 90.
[03/07/2021 00:13:04]: Peer 1004 received the 'have' message from 1002 for the piece 112.
[03/07/2021 00:13:04]: Peer 1004 received the 'have' message from 1002 for the piece 8.
[03/07/2021 00:13:04]: Peer 1004 received the 'have' message from 1002 for the piece 18.
[03/07/2021 00:13:04]: Peer 1004 is unchoked by 1007.
[03/07/2021 00:13:04]: Peer 1004 received the 'have' message from 1003 for the piece 50.
[03/07/2021 00:13:04]: Peer 1004 received the 'have' message from 1003 for the piece 104.
[03/07/2021 00:13:04]: Peer 1004 has downloaded the piece 94 from 1001. Now the number of pieces it has is 91.
[03/07/2021 00:13:04]: Peer 1004 received the 'have' message from 1007 for the piece 4.
[03/07/2021 00:13:04]: Peer 1004 received the 'have' message from 1007 for the piece 7.
[03/07/2021 00:13:04]: Peer 1004 received the 'have' message from 1005 for the piece 110.
[03/07/2021 00:13:04]: Peer 1004 has downloaded the piece 129 from 1001. Now the number of pieces it has is 92.
[03/07/2021 00:13:04]: Peer 1004 received the 'have' message from 1009 for the piece 25.
[03/07/2021 00:13:04]: Peer 1004 received the 'have' message from 1005 for the piece 19.
[03/07/2021 00:13:04]: Peer 1004 is unchoked by 1006.
[03/07/2021 00:13:04]: Peer 1004 has downloaded the piece 18 from 1005. Now the number of pieces it has is 93.
[03/07/2021 00:13:04]: Peer 1004 has downloaded the piece 100 from 1006. Now the number of pieces it has is 94.
[03/07/2021 00:13:05]: Peer 1004 received the 'have' message from 1007 for the piece 8.
[03/07/2021 00:13:05]: Peer 1004 has downloaded the piece 4 from 1007. Now the number of pieces it has is 95.
[03/07/2021 00:13:05]: Peer 1004 received the 'have' message from 1007 for the piece 110.
[03/07/2021 00:13:05]: Peer 1004 received the 'have' message from 1007 for the piece 79.
[03/07/2021 00:13:05]: Peer 1004 received the 'have' message from 1005 for the piece 8.
[03/07/2021 00:13:05]: Peer 1004 received the 'have' message from 1005 for the piece 33.
[03/07/2021 00:13:05]: Peer 1004 received the 'have' message from 1003 for the piece 40.
[03/07/2021 00:13:05]: Peer 1004 received the 'have' message from 1008 for the piece 41.
[03/07/2021 00:13:05]: Peer 1004 is choked by 1008.
[03/07/2021 00:13:05]: Peer 1004 received the 'have' message from 1008 for the piece 93.
[03/07/2021 00:13:05]: Peer 1004 received the 'have' message from 1008 for the piece 18.
[03/07/2021 00:13:05]: Peer 1004 received the 'have' message from 1008 for the piece 73.
[03/07/2021 00:13:05]: Peer 1004 received the 'have' message from 1008 for the piece 33.
[03/07/2021 00:13:05]: Peer 1004 received the 'have' message from 1002 for the piece 76.
[03/07/2021 00:13:05]: Peer 1004 received the 'have' message from 1005 for the piece 91.
[03/07/2021 00:13:05]: Peer 1004 has downloaded the piece 118 from 1002. Now the number of pieces it has is 96.
[03/07/2021 00:13:05]: Peer 1004 received the 'have' message from 1002 for the piece 22.
[03/07/2021 00:13:05]: Peer 1004 received the 'have' message from 1002 for the piece 90.
[03/07/2021 00:13:05]: Peer 1004 has downloaded the piece 24 from 1001. Now the number of pieces it has is 97.
[03/07/2021 00:13:05]: Peer 1004 received the 'have' message from 1007 for the piece 56.
[03/07/2021 00:13:05]: Peer 1004 received the 'have' message from 1005 for the piece 15.
[03/07/2021 00:13:05]: Peer 1004 received the 'have' message from 1005 for the piece 90.
[03/07/2021 00:13:05]: Peer 1004 has downloaded the piece 122 from 1007. Now the number of pieces it has is 98.
[03/07/2021 00:13:05]: Peer 1004 received the 'not interested' message from 1008.
[03/07/2021 00:13:05]: Peer 1004 has the optimistically unchoked neighbor 1009.
[03/07/2021 00:13:05]: Peer 1004 has the preferred neighbors 1002, 1003, 1005.
[03/07/2021 00:13:05]: Peer 1004 received the 'have' message from 1009 for the piece 36.
[03/07/2021 00:13:05]: Peer 1004 received the 'have' message from 1008 for the piece 13.
[03/07/2021 00:13:05]: Peer 1004 received the 'have' message from 1008 for the piece 80.
[03/07/2021 00:13:05]: Peer 1004 received the 'have' message from 1005 for the piece 40.
[03/07/2021 00:13:05]: Peer 1004 has downloaded the piece 62 from 1005. Now the number of pieces it has is 99.
[03/07/2021 00:13:05]: Peer 1004 received the 'have' message from 1005 for the piece 13.
[03/07/2021 00:13:05]: Peer 1004 received the 'have' message from 1005 for the piece 48.
[03/07/2021 00:13:05]: Peer 1004 has downloaded the piece 77 from 1007. Now the number of pieces it has is 100.
[03/07/2021 00:13:05]: Peer 1004 has downloaded the piece 22 from 1001. Now the number of pieces it has is 101.
[03/07/2021 00:13:05]: Peer 1004 received the 'have' message from 1002 for the piece 57.
[03/07/2021 00:13:05]: Peer 1004 has downloaded the piece 90 from 1002. Now the number of pieces it has is 102.
[03/07/2021 00:13:05]: Peer 1004 received the 'have' message from 1002 for the piece 11.
[03/07/2021 00:13:05]: Peer 1004 received the 'have' message from 1002 for the piece 82.
[03/07/2021 00:13:05]: Peer 1004 received the 'have' message from 1002 for the piece 121.
[03/07/2021 00:13:05]: Peer 1004 received the 'have' message from 1009 for the piece 79.
[03/07/2021 00:13:05]: Peer 1004 has downloaded the piece 125 from 1003. Now the number of pieces it has is 103.
[03/07/2021 00:13:05]: Peer 1004 received the 'have' message from 1003 for the piece 106.
[03/07/2021 00:13:05]: Peer 1004 received the 'have' message from 1003 for the piece 35.
[03/07/2021 00:13:05]: Peer 1004 received the 'have' message from 1003 for the piece 4.
[03/07/2021 00:13:05]: Peer 1004 received the 'have' message from 1003 for the piece 47.
[03/07/2021 00:13:05]: Peer 1004 received the 'have' message from 1007 for the piece 38.
[03/07/2021 00:13:05]: Peer 1004 received the 'have' message from 1007 for the piece 26.
[03/07/2021 00:13:05]: Peer 1004 received the 'have' message from 1007 for the piece 5.
[03/07/2021 00:13:05]: Peer 1004 received the 'have' message from 1007 for the piece 18.
[03/07/2021 00:13:06]: Peer 1004 received the 'have' message from 1005 for the piece 94.
[03/07/2021 00:13:06]: Peer 1004 received the 'have' message from 1003 for the piece 105.
[03/07/2021 00:13:06]: Peer 1004 received the 'have' message from 1002 for the piece 32.
[03/07/2021 00:13:06]: Peer 1004 received the 'have' message from 1002 for the piece 124.
[03/07/2021 00:13:06]: Peer 1004 received the 'have' message from 1005 for the piece 1.
[03/07/2021 00:13:06]: Peer 1004 received the 'have' message from 1005 for the piece 99.
[03/07/2021 00:13:06]: Peer 1004 received the 'have' message from 1005 for the piece 50.
[03/07/2021 00:13:06]: Peer 1004 received the 'have' message from 1007 for the piece 74.
[03/07/2021 00:13:06]: Peer 1004 received the 'have' message from 1002 for the piece 35.
[03/07/2021 00:13:06]: Peer 1004 received the 'have' message from 1002 for the piece 38.
[03/07/2021 00:13:06]: Peer 1004 received the 'have' message from 1003 for the piece 51.
[03/07/2021 00:13:06]: Peer 1004 received the 'have' message from 1003 for the piece 22.
[03/07/2021 00:13:06]: Peer 1004 is unchoked by 1009.
[03/07/2021 00:13:06]: Peer 1004 received the 'have' message from 1009 for the piece 8.
[03/07/2021 00:13:06]: Peer 1004 has downloaded the piece 9 from 1001. Now the number of pieces it has is 104.
[03/07/2021 00:13:06]: Peer 1004 received the 'have' message from 1002 for the piece 115.
[03/07/2021 00:13:06]: Peer 1004 received the 'have' message from 1003 for the piece 11.
[03/07/2021 00:13:06]: Peer 1004 received the 'have' message from 1003 for the piece 73.
[03/07/2021 00:13:06]: Peer 1004 received the 'have' message from 1008 for the piece 5.
[03/07/2021 00:13:06]: Peer 1008 has downloaded the complete file.
[03/07/2021 00:13:06]: Peer 1004 received the 'have' message from 1007 for the piece 80.
[03/07/2021 00:13:06]: Peer 1004 received the 'have' message from 1007 for the piece 33.
[03/07/2021 00:13:06]: Peer 1004 received the 'have' message from 1002 for the piece 9.
[03/07/2021 00:13:06]: Peer 1004 has downloaded the piece 80 from 1001. Now the number of pieces it has is 105.
[03/07/2021 00:13:06]: Peer 1004 received the 'have' message from 1003 for the piece 74.
[03/07/2021 00:13:06]: Peer 1004 received the 'have' message from 1003 for the piece 33.
[03/07/2021 00:13:06]: Peer 1004 received the 'have' message from 1003 for the piece 48.
[03/07/2021 00:13:06]: Peer 1004 received the 'have' message from 1003 for the piece 77.
[03/07/2021 00:13:06]: Peer 1004 is choked by 1003.
[03/07/2021 00:13:06]: Peer 1004 received the 'have' message from 1003 for the piece 72.
[03/07/2021 00:13:06]: Peer 1004 received the 'have' message from 1003 for the piece 130.
[03/07/2021 00:13:06]: Peer 1004 received the 'have' message from 1005 for the piece 24.
[03/07/2021 00:13:06]: Peer 1004 received the 'have' message from 1005 for the piece 98.
[03/07/2021 00:13:06]: Peer 1004 received the 'have' message from 1005 for the piece 123.
[03/07/2021 00:13:07]: Peer 1004 has downloaded the piece 1 from 1005. Now the number of pieces it has is 106.
[03/07/2021 00:13:07]: Peer 1004 received the 'have' message from 1007 for the piece 100.
[03/07/2021 00:13:07]: Peer 1004 received the 'have' message from 1007 for the piece 93.
[03/07/2021 00:13:07]: Peer 1004 received the 'not interested' message from 1007.
[03/07/2021 00:13:07]: Peer 1004 received the 'have' message from 1005 for the piece 63.
[03/07/2021 00:13:07]: Peer 1004 has downloaded the piece 127 from 1009. Now the number of pieces it has is 107.
[03/07/2021 00:13:07]: Peer 1004 received the 'have' message from 1009 for the piece 109.
[03/07/2021 00:13:07]: Peer 1004 received the 'have' message from 1009 for the piece 100.
[03/07/2021 00:13:07]: Peer 1004 received the 'have' message from 1009 for the piece 41.
[03/07/2021 00:13:07]: Peer 1004 has downloaded the piece 103 from 1006. Now the number of pieces it has is 108.
[03/07/2021 00:13:07]: Peer 1004 received the 'have' message from 1007 for the piece 91.
[03/07/2021 00:13:07]: Peer 1004 received the 'have' message from 1007 for the piece 24.
[03/07/2021 00:13:07]: Peer 1004 received the 'have' message from 1002 for the piece 127.
[03/07/2021 00:13:07]: Peer 1004 has downloaded the piece 8 from 1002. Now the number of pieces it has is 109.
[03/07/2021 00:13:07]: Peer 1004 received the 'have' message from 1002 for the piece 69.
[03/07/2021 00:13:07]: Peer 1004 received the 'have' message from 1009 for the piece 6.
[03/07/2021 00:13:07]: Peer 1004 received the 'have' message from 1002 for the piece 72.
[03/07/2021 00:13:07]: Peer 1004 received the 'have' message from 1002 for the piece 98.
[03/07/2021 00:13:07]: Peer 1004 received the 'have' message from 1005 for the piece 100.
[03/07/2021 00:13:07]: Peer 1004 received the 'have' message from 1005 for the piece 9.
[03/07/2021 00:13:07]: Peer 1004 received the 'have' message from 1005 for the piece 7.
[03/07/2021 00:13:07]: Peer 1004 has downloaded the piece 74 from 1006. Now the number of pieces it has is 110.
[03/07/2021 00:13:07]: Peer 1004 has downloaded the piece 119 from 1001. Now the number of pieces it has is 111.
[03/07/2021 00:13:07]: Peer 1004 has downloaded the piece 40 from 1001. Now the number of pieces it has is 112.
[03/07/2021 00:13:07]: Peer 1004 has downloaded the piece 6 from 1006. Now the number of pieces it has is 113.
[03/07/2021 00:13:07]: Peer 1004 received the 'have' message from 1002 for the piece 62.
[03/07/2021 00:13:07]: Peer 1004 has downloaded the piece 97 from 1001. Now the number of pieces it has is 114.
[03/07/2021 00:13:07]: Peer 1004 received the 'have' message from 1003 for the piece 93.
[03/07/2021 00:13:07]: Peer 1004 received the 'have' message from 1003 for the piece 70.
[03/07/2021 00:13:07]: Peer 1004 received the 'have' message from 1002 for the piece 109.
[03/07/2021 00:13:07]: Peer 1004 received the 'have' message from 1009 for the piece 61.
[03/07/2021 00:13:07]: Peer 1004 received the 'have' message from 1009 for the piece 74.
[03/07/2021 00:13:07]: Peer 1004 received the 'have' message from 1007 for the piece 73.
[03/07/2021 00:13:07]: Peer 1004 has downloaded the piece 107 from 1007. Now the number of pieces it has is 115.
[03/07/2021 00:13:07]: Peer 1004 received the 'have' message from 1007 for the piece 109.
[03/07/2021 00:13:07]: Peer 1004 received the 'have' message from 1007 for the piece 1.
[03/07/2021 00:13:07]: Peer 1007 has downloaded the complete file.
[03/07/2021 00:13:07]: Peer 1004 received the 'have' message from 1003 for the piece 38.
[03/07/2021 00:13:07]: Peer 1004 received the 'have' message from 1003 for the piece 98.
[03/07/2021 00:13:07]: Peer 1004 received the 'have' message from 1003 for the piece 66.
[03/07/2021 00:13:07]: Peer 1004 has downloaded the piece 26 from 1009. Now the number of pieces it has is 116.
[03/07/2021 00:13:07]: Peer 1004 received the 'have' message from 1009 for the piece 91.
[03/07/2021 00:13:07]: Peer 1004 received the 'have' message from 1009 for the piece 77.
[03/07/2021 00:13:07]: Peer 1004 received the 'have' message from 1002 for the piece 55.
[03/07/2021 00:13:07]: Peer 1004 received the 'have' message from 1002 for the piece 104.
[03/07/2021 00:13:07]: Peer 1004 received the 'have' message from 1002 for the piece 48.
[03/07/2021 00:13:07]: Peer 1004 received the 'have' message from 1002 for the piece 70.
[03/07/2021 00:13:07]: Peer 1004 received the 'have' message from 1002 for the piece 24.
[03/07/2021 00:13:07]: Peer 1004 received the 'have' message from 1005 for the piece 66.
[03/07/2021 00:13:07]: Peer 1004 received the 'have' message from 1005 for the piece 74.
[03/07/2021 00:13:07]: Peer 1004 received the 'not interested' message from 1005.
[03/07/2021 00:13:08]: Peer 1004 received the 'have' message from 1009 for the piece 15.
[03/07/2021 00:13:08]: Peer 1004 received the 'have' message from 1003 for the piece 53.
[03/07/2021 00:13:08]: Peer 1004 received the 'have' message from 1003 for the piece 129.
[03/07/2021 00:13:08]: Peer 1004 received the 'have' message from 1003 for the piece 7.
[03/07/2021 00:13:08]: Peer 1004 received the 'have' message from 1003 for the piece 109.
[03/07/2021 00:13:08]: Peer 1004 has downloaded the piece 110 from 1007. Now the number of pieces it has is 117.
[03/07/2021 00:13:08]: Peer 1004 has downloaded the piece 36 from 1002. Now the number of pieces it has is 118.
[03/07/2021 00:13:08]: Peer 1004 received the 'have' message from 1002 for the piece 15.
[03/07/2021 00:13:08]: Peer 1004 has downloaded the piece 87 from 1005. Now the number of pieces it has is 119.
[03/07/2021 00:13:08]: Peer 1004 received the 'have' message from 1005 for the piece 14.
[03/07/2021 00:13:08]: Peer 1004 received the 'have' message from 1005 for the piece 77.
[03/07/2021 00:13:08]: Peer 1004 received the 'have' message from 1002 for the piece 100.
[03/07/2021 00:13:08]: Peer 1004 received the 'have' message from 1005 for the piece 81.
[03/07/2021 00:13:08]: Peer 1004 received the 'have' message from 1003 for the piece 62.
[03/07/2021 00:13:08]: Peer 1004 received the 'have' message from 1003 for the piece 96.
[03/07/2021 00:13:08]: Peer 1004 is unchoked by 1003.
[03/07/2021 00:13:08]: Peer 1004 received the 'have' message from 1003 for the piece 26.
[03/07/2021 00:13:08]: Peer 1004 received the 'have' message from 1002 for the piece 3.
[03/07/2021 00:13:08]: Peer 1004 has downloaded the piece 39 from 1007. Now the number of pieces it has is 120.
[03/07/2021 00:13:08]: Peer 1004 has downloaded the piece 44 from 1001. Now the number of pieces it has is 121.
[03/07/2021 00:13:08]: Peer 1004 has downloaded the piece 73 from 1001. Now the number of pieces it has is 122.
[03/07/2021 00:13:08]: Peer 1004 has downloaded the piece 0 from 1001. Now the number of pieces it has is 123.
[03/07/2021 00:13:08]: Peer 1004 received the 'have' message from 1002 for the piece 116.
[03/07/2021 00:13:08]: Peer 1004 has downloaded the piece 109 from 1002. Now the number of pieces it has is 124.
[03/07/2021 00:13:08]: Peer 1004 received the 'have' message from 1002 for the piece 5.
[03/07/2021 00:13:08]: Peer 1004 received the 'have' message from 1002 for the piece 30.
[03/07/2021 00:13:08]: Peer 1004 received the 'have' message from 1002 for the piece 122.
[03/07/2021 00:13:08]: Peer 1004 has downloaded the piece 5 from 1007. Now the number of pieces it has is 125.
[03/07/2021 00:13:09]: Peer 1004 has downloaded the piece 38 from 1003. Now the number of pieces it has is 126.
[03/07/2021 00:13:09]: Peer 1004 received the 'have' message from 1003 for the piece 15.
[03/07/2021 00:13:09]: Peer 1004 received the 'have' message from 1005 for the piece 73.
[03/07/2021 00:13:09]: Peer 1004 received the 'have' message from 1005 for the piece 29.
[03/07/2021 00:13:09]: Peer 1004 has downloaded the piece 101 from 1001. Now the number of pieces it has is 127.
[03/07/2021 00:13:10]: Peer 1004 received the 'have' message from 1002 for the piece 67.
[03/07/2021 00:13:10]: Peer 1004 received the 'have' message from 1005 for the piece 30.
[03/07/2021 00:13:10]: Peer 1005 has downloaded the complete file.
[03/07/2021 00:13:10]: Peer 1004 has the optimistically unchoked neighbor [NONE].
[03/07/2021 00:13:10]: Peer 1004 has the preferred neighbors 1002, 1003, 1009.
[03/07/2021 00:13:10]: Peer 1004 received the 'have' message from 1009 for the piece 72.
[03/07/2021 00:13:10]: Peer 1004 has downloaded the piece 105 from 1005. Now the number of pieces it has is 128.
[03/07/2021 00:13:10]: Peer 1004 received the 'not interested' message from 1003.
[03/07/2021 00:13:10]: Peer 1004 received the 'have' message from 1003 for the piece 94.
[03/07/2021 00:13:10]: Peer 1003 has downloaded the complete file.
[03/07/2021 00:13:10]: Peer 1004 received the 'have' message from 1002 for the piece 130.
[03/07/2021 00:13:10]: Peer 1004 received the 'have' message from 1002 for the piece 101.
[03/07/2021 00:13:10]: Peer 1004 received the 'have' message from 1002 for the piece 23.
[03/07/2021 00:13:11]: Peer 1004 has downloaded the piece 41 from 1003. Now the number of pieces it has is 129.
[03/07/2021 00:13:11]: Peer 1004 has downloaded the piece 46 from 1001. Now the number of pieces it has is 130.
[03/07/2021 00:13:11]: Peer 1004 has downloaded the piece 7 from 1001. Now the number of pieces it has is 131.
[03/07/2021 00:13:11]: Peer 1004 has downloaded the piece 99 from 1003. Now the number of pieces it has is 132.
[03/07/2021 00:13:11]: Peer 1004 received the 'have' message from 1009 for the piece 56.
[03/07/2021 00:13:11]: Peer 1004 received the 'have' message from 1009 for the piece 82.
[03/07/2021 00:13:11]: Peer 1004 has downloaded the piece 29 from 1009. Now the number of pieces it has is 133.
[03/07/2021 00:13:11]: Peer 1004 has downloaded the complete file.
[03/07/2021 00:13:11]: Peer 1004 received the 'have' message from 1009 for the piece 105.
[03/07/2021 00:13:11]: Peer 1004 received the 'have' message from 1009 for the piece 33.
[03/07/2021 00:13:11]: Peer 1004 received the 'have' message from 1009 for the piece 38.
[03/07/2021 00:13:11]: Peer 1004 received the 'have' message from 1009 for the piece 24.
[03/07/2021 00:13:11]: Peer 1004 received the 'have' message from 1009 for the piece 73.
[03/07/2021 00:13:11]: Peer 1004 received the 'have' message from 1009 for the piece 66.
[03/07/2021 00:13:11]: Peer 1004 is choked by 1003.
[03/07/2021 00:13:11]: Peer 1004 received the 'have' message from 1002 for the piece 65.
[03/07/2021 00:13:11]: Peer 1004 received the 'have' message from 1002 for the piece 53.
[03/07/2021 00:13:11]: Peer 1004 received the 'have' message from 1009 for the piece 1.
[03/07/2021 00:13:11]: Peer 1004 received the 'not interested' message from 1009.
[03/07/2021 00:13:12]: Peer 1004 received the 'have' message from 1002 for the piece 1.
[03/07/2021 00:13:12]: Peer 1004 received the 'have' message from 1009 for the piece 106.
[03/07/2021 00:13:12]: Peer 1004 is choked by 1002.
[03/07/2021 00:13:12]: Peer 1004 received the 'have' message from 1002 for the piece 40.
[03/07/2021 00:13:12]: Peer 1004 received the 'have' message from 1002 for the piece 33.
[03/07/2021 00:13:12]: Peer 1004 received the 'have' message from 1002 for the piece 99.
[03/07/2021 00:13:12]: Peer 1004 received the 'have' message from 1002 for the piece 31.
[03/07/2021 00:13:12]: Peer 1004 received the 'have' message from 1002 for the piece 108.
[03/07/2021 00:13:12]: Peer 1004 received the 'have' message from 1002 for the piece 51.
[03/07/2021 00:13:12]: Peer 1004 received the 'have' message from 1009 for the piece 101.
[03/07/2021 00:13:12]: Peer 1009 has downloaded the complete file.
[03/07/2021 00:13:12]: Peer 1004 received the 'have' message from 1002 for the piece 93.
[03/07/2021 00:13:13]: Peer 1004 is choked by 1001.
[03/07/2021 00:13:13]: Peer 1004 is choked by 1006.
[03/07/2021 00:13:13]: Peer 1004 is choked by 1007.
[03/07/2021 00:13:16]: Peer 1004 has the preferred neighbors 1002.
[03/07/2021 00:13:16]: Peer 1004 is choked by 1005.
[03/07/2021 00:13:16]: Peer 1004 received the 'have' message from 1002 for the piece 91.
[03/07/2021 00:13:17]: Peer 1004 received the 'have' message from 1002 for the piece 41.
[03/07/2021 00:13:18]: Peer 1004 is choked by 1009.
[03/07/2021 00:13:19]: Peer 1004 received the 'have' message from 1002 for the piece 96.
[03/07/2021 00:13:22]: Peer 1004 received the 'have' message from 1002 for the piece 110.
[03/07/2021 00:13:26]: Peer 1004 received the 'have' message from 1002 for the piece 80.
[03/07/2021 00:13:28]: Peer 1004 received the 'have' message from 1002 for the piece 125.
[03/07/2021 00:13:28]: Peer 1004 received the 'have' message from 1002 for the piece 10.
[03/07/2021 00:13:28]: Peer 1004 received the 'have' message from 1002 for the piece 74.
[03/07/2021 00:13:28]: Peer 1004 received the 'have' message from 1002 for the piece 66.
[03/07/2021 00:13:28]: Peer 1004 received the 'have' message from 1002 for the piece 13.
[03/07/2021 00:13:28]: Peer 1004 received the 'have' message from 1002 for the piece 7.
[03/07/2021 00:13:28]: Peer 1004 received the 'have' message from 1002 for the piece 47.
[03/07/2021 00:13:28]: Peer 1004 received the 'have' message from 1002 for the piece 12.
[03/07/2021 00:13:28]: Peer 1004 received the 'have' message from 1002 for the piece 129.
[03/07/2021 00:13:28]: Peer 1004 received the 'have' message from 1002 for the piece 50.
[03/07/2021 00:13:28]: Peer 1004 received the 'have' message from 1002 for the piece 73.
[03/07/2021 00:13:28]: Peer 1004 received the 'have' message from 1002 for the piece 19.
[03/07/2021 00:13:28]: Peer 1004 received the 'have' message from 1002 for the piece 106.
[03/07/2021 00:13:28]: Peer 1004 received the 'have' message from 1002 for the piece 39.
[03/07/2021 00:13:28]: Peer 1004 received the 'have' message from 1002 for the piece 97.
[03/07/2021 00:13:28]: Peer 1004 received the 'have' message from 1002 for the piece 44.
[03/07/2021 00:13:28]: Peer 1004 received the 'have' message from 1002 for the piece 49.
[03/07/2021 00:13:29]: Peer 1004 received the 'have' message from 1002 for the piece 46.
[03/07/2021 00:13:29]: Peer 1004 received the 'have' message from 1002 for the piece 26.
[03/07/2021 00:13:29]: Peer 1004 received the 'have' message from 1002 for the piece 71.
[03/07/2021 00:13:29]: Peer 1004 received the 'have' message from 1002 for the piece 119.
[03/07/2021 00:13:29]: Peer 1004 received the 'have' message from 1002 for the piece 94.
[03/07/2021 00:13:29]: Peer 1004 received the 'have' message from 1002 for the piece 6.
[03/07/2021 00:13:29]: Peer 1004 received the 'have' message from 1002 for the piece 29.
[03/07/2021 00:13:29]: Peer 1004 received the 'have' message from 1002 for the piece 105.
[03/07/2021 00:13:31]: Peer 1004 received the 'have' message from 1002 for the piece 107.
[03/07/2021 00:13:31]: Peer 1002 has downloaded the complete file.
[03/07/2021 00:13:31]: Peer 1004 has the preferred neighbors [NONE].
