[03/07/2021 00:12:24]: Peer 1006 has downloaded the complete file.
[03/07/2021 00:12:24]: Peer 1006 makes a connection to Peer 1005.
[03/07/2021 00:12:24]: Peer 1006 makes a connection to Peer 1004.
[03/07/2021 00:12:24]: Peer 1006 makes a connection to Peer 1003.
[03/07/2021 00:12:24]: Peer 1006 makes a connection to Peer 1002.
[03/07/2021 00:12:24]: Peer 1006 makes a connection to Peer 1001.
[03/07/2021 00:12:25]: Peer 1006 is connected from Peer 1007.
[03/07/2021 00:12:26]: Peer 1006 is connected from Peer 1008.
[03/07/2021 00:12:27]: Peer 1006 is connected from Peer 1009.
[03/07/2021 00:12:40]: Peer 1006 received the 'interested' message from 1007.
[03/07/2021 00:12:42]: Peer 1006 has the preferred neighbors 1007.
[03/07/2021 00:12:44]: Peer 1006 received the 'have' message from 1007 for the piece 46.
[03/07/2021 00:12:45]: Peer 1006 received the 'have' message from 1008 for the piece 25.
[03/07/2021 00:12:45]: Peer 1006 received the 'interested' message from 1009.
[03/07/2021 00:12:45]: Peer 1006 received the 'interested' message from 1008.
[03/07/2021 00:12:45]: Peer 1006 received the 'have' message from 1003 for the piece 76.
[03/07/2021 00:12:45]: Peer 1006 received the 'interested' message from 1002.
[03/07/2021 00:12:45]: Peer 1006 received the 'interested' message from 1003.
[03/07/2021 00:12:45]: Peer 1006 received the 'have' message from 1002 for the piece 88.
[03/07/2021 00:12:45]: Peer 1006 received the 'have' message from 1002 for the piece 37.
[03/07/2021 00:12:45]: Peer 1006 received the 'have' message from 1002 for the piece 2.
[03/07/2021 00:12:45]: Peer 1006 received the 'have' message from 1004 for the piece 117.
[03/07/2021 00:12:45]: Peer 1006 received the 'interested' message from 1004.
[03/07/2021 00:12:45]: Peer 1006 received the 'have' message from 1005 for the piece 31.
[03/07/2021 00:12:45]: Peer 1006 received the 'have' message from 1007 for the piece 78.
[03/07/2021 00:12:45]: Peer 1006 received the 'interested' message from 1005.
[03/07/2021 00:12:45]: Peer 1006 received the 'have' message from 1007 for the piece 114.
[03/07/2021 00:12:45]: Peer 1006 received the 'have' message from 1007 for the piece 84.
[03/07/2021 00:12:45]: Peer 1006 received the 'have' message from 1007 for the piece 54.
[03/07/2021 00:12:45]: Peer 1006 received the 'have' message from 1007 for the piece 108.
[03/07/2021 00:12:45]: Peer 1006 received the 'have' message from 1007 for the piece 124.
[03/07/2021 00:12:45]: Peer 1006 received the 'have' message from 1007 for the piece 87.
[03/07/2021 00:12:45]: Peer 1006 received the 'have' message from 1007 for the piece 89.
[03/07/2021 00:12:45]: Peer 1006 received the 'have' message from 1007 for the piece 3.
[03/07/2021 00:12:45]: Peer 1006 received the 'have' message from 1007 for the piece 30.
[03/07/2021 00:12:45]: Peer 1006 received the 'have' message from 1007 for the piece 131.
[03/07/2021 00:12:45]: Peer 1006 received the 'have' message from 1007 for the piece 59.
[03/07/2021 00:12:45]: Peer 1006 received the 'have' message from 1007 for the piece 121.
[03/07/2021 00:12:45]: Peer 1006 received the 'have' message from 1007 for the piece 53.
[03/07/2021 00:12:45]: Peer 1006 received the 'have' message from 1004 for the piece 88.
[03/07/2021 00:12:45]: Peer 1006 received the 'have' message from 1004 for the piece 89.
[03/07/2021 00:12:45]: Peer 1006 received the 'have' message from 1004 for the piece 75.
[03/07/2021 00:12:45]: Peer 1006 received the 'have' message from 1003 for the piece 56.
[03/07/2021 00:12:45]: Peer 1006 received the 'have' message from 1003 for the piece 85.
[03/07/2021 00:12:45]: Peer 1006 received the 'have' message from 1009 for the piece 3.
[03/07/2021 00:12:45]: Peer 1006 received the 'have' message from 1009 for the piece 21.
[03/07/2021 00:12:45]: Peer 1006 received the 'have' message from 1008 for the piece 106.
[03/07/2021 00:12:45]: Peer 1006 received the 'have' message from 1008 for the piece 60.
[03/07/2021 00:12:45]: Peer 1006 received the 'have' message from 1009 for the piece 37.
[03/07/2021 00:12:45]: Peer 1006 received the 'have' message from 1003 for the piece 87.
[03/07/2021 00:12:45]: Peer 1006 received the 'have' message from 1003 for the piece 101.
[03/07/2021 00:12:45]: Peer 1006 received the 'have' message from 1003 for the piece 78.
[03/07/2021 00:12:45]: Peer 1006 received the 'have' message from 1004 for the piece 52.
[03/07/2021 00:12:45]: Peer 1006 received the 'have' message from 1004 for the piece 58.
[03/07/2021 00:12:45]: Peer 1006 received the 'have' message from 1004 for the piece 2.
[03/07/2021 00:12:45]: Peer 1006 received the 'have' message from 1007 for the piece 41.
[03/07/2021 00:12:45]: Peer 1006 received the 'have' message from 1007 for the piece 17.
[03/07/2021 00:12:45]: Peer 1006 received the 'have' message from 1007 for the piece 102.
[03/07/2021 00:12:45]: Peer 1006 received the 'have' message from 1007 for the piece 113.
[03/07/2021 00:12:45]: Peer 1006 received the 'have' message from 1007 for the piece 118.
[03/07/2021 00:12:45]: Peer 1006 received the 'have' message from 1005 for the piece 2.
[03/07/2021 00:12:45]: Peer 1006 received the 'have' message from 1005 for the piece 47.
[03/07/2021 00:12:45]: Peer 1006 received the 'have' message from 1005 for the piece 34.
[03/07/2021 00:12:45]: Peer 1006 received the 'have' message from 1005 for the piece 101.
[03/07/2021 00:12:45]: Peer 1006 received the 'have' message from 1007 for the piece 128.
[03/07/2021 00:12:45]: Peer 1006 received the 'have' message from 1007 for the piece 127.
[03/07/2021 00:12:45]: Peer 1006 received the 'have' message from 1007 for the piece 67.
[03/07/2021 00:12:45]: Peer 1006 received the 'have' message from 1007 for the piece 72.
[03/07/2021 00:12:45]: Peer 1006 received the 'have' message from 1007 for the piece 47.
[03/07/2021 00:12:45]: Peer 1006 received the 'have' message from 1007 for the piece 69.
[03/07/2021 00:12:45]: Peer 1006 received the 'have' message from 1007 for the piece 25.
[03/07/2021 00:12:45]: Peer 1006 received the 'have' message from 1004 for the piece 113.
[03/07/2021 00:12:45]: Peer 1006 received the 'have' message from 1004 for the piece 114.
[03/07/2021 00:12:45]: Peer 1006 received the 'have' message from 1004 for the piece 17.
[03/07/2021 00:12:45]: Peer 1006 received the 'have' message from 1002 for the piece 21.
[03/07/2021 00:12:45]: Peer 1006 received the 'have' message from 1002 for the piece 128.
[03/07/2021 00:12:45]: Peer 1006 received the 'have' message from 1003 for the piece 90.
[03/07/2021 00:12:45]: Peer 1006 received the 'have' message from 1003 for the piece 120.
[03/07/2021 00:12:45]: Peer 1006 received the 'have' message from 1003 for the piece 31.
[03/07/2021 00:12:45]: Peer 1006 received the 'have' message from 1003 for the piece 126.
[03/07/2021 00:12:45]: Peer 1006 received the 'have' message from 1003 for the piece 34.
[03/07/2021 00:12:45]: Peer 1006 received the 'have' message from 1003 for the piece 131.
[03/07/2021 00:12:45]: Peer 1006 received the 'have' message from 1003 for the piece 60.
[03/07/2021 00:12:45]: Peer 1006 received the 'have' message from 1003 for the piece 69.
[03/07/2021 00:12:45]: Peer 1006 received the 'have' message from 1009 for the piece 17.
[03/07/2021 00:12:45]: Peer 1006 received the 'have' message from 1008 for the piece 30.
[03/07/2021 00:12:45]: Peer 1006 received the 'have' message from 1008 for the piece 104.
[03/07/2021 00:12:45]: Peer 1006 received the 'have' message from 1008 for the piece 111.
[03/07/2021 00:12:45]: Peer 1006 received the 'have' message from 1008 for the piece 112.
[03/07/2021 00:12:45]: Peer 1006 received the 'have' message from 1008 for the piece 76.
[03/07/2021 00:12:45]: Peer 1006 received the 'have' message from 1008 for the piece 103.
[03/07/2021 00:12:45]: Peer 1006 received the 'have' message from 1008 for the piece 52.
[03/07/2021 00:12:45]: Peer 1006 received the 'have' message from 1008 for the piece 121.
[03/07/2021 00:12:45]: Peer 1006 received the 'have' message from 1008 for the piece 62.
[03/07/2021 00:12:45]: Peer 1006 received the 'have' message from 1008 for the piece 57.
[03/07/2021 00:12:45]: Peer 1006 received the 'have' message from 1009 for the piece 22.
[03/07/2021 00:12:46]: Peer 1006 received the 'have' message from 1009 for the piece 83.
[03/07/2021 00:12:46]: Peer 1006 received the 'have' message from 1003 for the piece 103.
[03/07/2021 00:12:46]: Peer 1006 received the 'have' message from 1003 for the piece 83.
[03/07/2021 00:12:46]: Peer 1006 received the 'have' message from 1002 for the piece 17.
[03/07/2021 00:12:46]: Peer 1006 received the 'have' message from 1002 for the piece 75.
[03/07/2021 00:12:46]: Peer 1006 received the 'have' message from 1002 for the piece 34.
[03/07/2021 00:12:46]: Peer 1006 received the 'have' message from 1002 for the piece 58.
[03/07/2021 00:12:46]: Peer 1006 received the 'have' message from 1004 for the piece 124.
[03/07/2021 00:12:46]: Peer 1006 received the 'have' message from 1007 for the piece 31.
[03/07/2021 00:12:46]: Peer 1006 received the 'have' message from 1007 for the piece 105.
[03/07/2021 00:12:46]: Peer 1006 received the 'have' message from 1007 for the piece 36.
[03/07/2021 00:12:46]: Peer 1006 received the 'have' message from 1007 for the piece 70.
[03/07/2021 00:12:46]: Peer 1006 received the 'have' message from 1007 for the piece 12.
[03/07/2021 00:12:46]: Peer 1006 received the 'have' message from 1007 for the piece 20.
[03/07/2021 00:12:46]: Peer 1006 received the 'have' message from 1007 for the piece 97.
[03/07/2021 00:12:46]: Peer 1006 received the 'have' message from 1007 for the piece 126.
[03/07/2021 00:12:46]: Peer 1006 received the 'have' message from 1005 for the piece 70.
[03/07/2021 00:12:46]: Peer 1006 received the 'have' message from 1005 for the piece 25.
[03/07/2021 00:12:46]: Peer 1006 received the 'have' message from 1005 for the piece 85.
[03/07/2021 00:12:46]: Peer 1006 received the 'have' message from 1005 for the piece 84.
[03/07/2021 00:12:46]: Peer 1006 received the 'have' message from 1005 for the piece 126.
[03/07/2021 00:12:46]: Peer 1006 received the 'have' message from 1005 for the piece 69.
[03/07/2021 00:12:46]: Peer 1006 received the 'have' message from 1005 for the piece 118.
[03/07/2021 00:12:46]: Peer 1006 received the 'have' message from 1005 for the piece 76.
[03/07/2021 00:12:46]: Peer 1006 received the 'have' message from 1005 for the piece 113.
[03/07/2021 00:12:46]: Peer 1006 received the 'have' message from 1005 for the piece 112.
[03/07/2021 00:12:46]: Peer 1006 received the 'have' message from 1005 for the piece 102.
[03/07/2021 00:12:46]: Peer 1006 received the 'have' message from 1004 for the piece 108.
[03/07/2021 00:12:46]: Peer 1006 received the 'have' message from 1004 for the piece 128.
[03/07/2021 00:12:46]: Peer 1006 received the 'have' message from 1004 for the piece 69.
[03/07/2021 00:12:46]: Peer 1006 received the 'have' message from 1003 for the piece 84.
[03/07/2021 00:12:46]: Peer 1006 received the 'have' message from 1009 for the piece 128.
[03/07/2021 00:12:46]: Peer 1006 received the 'have' message from 1008 for the piece 128.
[03/07/2021 00:12:46]: Peer 1006 received the 'have' message from 1009 for the piece 75.
[03/07/2021 00:12:46]: Peer 1006 received the 'have' message from 1009 for the piece 95.
[03/07/2021 00:12:46]: Peer 1006 received the 'have' message from 1009 for the piece 40.
[03/07/2021 00:12:46]: Peer 1006 received the 'have' message from 1009 for the piece 51.
[03/07/2021 00:12:46]: Peer 1006 received the 'have' message from 1009 for the piece 88.
[03/07/2021 00:12:46]: Peer 1006 received the 'have' message from 1009 for the piece 114.
[03/07/2021 00:12:46]: Peer 1006 received the 'have' message from 1009 for the piece 53.
[03/07/2021 00:12:46]: Peer 1006 received the 'have' message from 1009 for the piece 58.
[03/07/2021 00:12:46]: Peer 1006 received the 'have' message from 1008 for the piece 126.
[03/07/2021 00:12:46]: Peer 1006 received the 'have' message from 1009 for the piece 122.
[03/07/2021 00:12:46]: Peer 1006 received the 'have' message from 1009 for the piece 99.
[03/07/2021 00:12:46]: Peer 1006 received the 'have' message from 1009 for the piece 102.
[03/07/2021 00:12:46]: Peer 1006 received the 'have' message from 1009 for the piece 120.
[03/07/2021 00:12:46]: Peer 1006 received the 'have' message from 1009 for the piece 23.
[03/07/2021 00:12:46]: Peer 1006 received the 'have' message from 1008 for the piece 87.
[03/07/2021 00:12:46]: Peer 1006 received the 'have' message from 1007 for the piece 85.
[03/07/2021 00:12:46]: Peer 1006 received the 'have' message from 1007 for the piece 120.
[03/07/2021 00:12:46]: Peer 1006 received the 'have' message from 1003 for the piece 132.
[03/07/2021 00:12:46]: Peer 1006 received the 'have' message from 1004 for the piece 78.
[03/07/2021 00:12:46]: Peer 1006 received the 'have' message from 1005 for the piece 131.
[03/07/2021 00:12:46]: Peer 1006 received the 'have' message from 1005 for the piece 62.
[03/07/2021 00:12:46]: Peer 1006 received the 'have' message from 1008 for the piece 69.
[03/07/2021 00:12:46]: Peer 1006 received the 'have' message from 1008 for the piece 114.
[03/07/2021 00:12:46]: Peer 1006 received the 'have' message from 1008 for the piece 74.
[03/07/2021 00:12:46]: Peer 1006 received the 'have' message from 1008 for the piece 50.
[03/07/2021 00:12:46]: Peer 1006 received the 'have' message from 1008 for the piece 119.
[03/07/2021 00:12:46]: Peer 1006 received the 'have' message from 1008 for the piece 2.
[03/07/2021 00:12:46]: Peer 1006 received the 'have' message from 1008 for the piece 53.
[03/07/2021 00:12:46]: Peer 1006 received the 'have' message from 1008 for the piece 37.
[03/07/2021 00:12:46]: Peer 1006 received the 'have' message from 1008 for the piece 75.
[03/07/2021 00:12:46]: Peer 1006 received the 'have' message from 1008 for the piece 17.
[03/07/2021 00:12:46]: Peer 1006 received the 'have' message from 1008 for the piece 96.
[03/07/2021 00:12:46]: Peer 1006 received the 'have' message from 1008 for the piece 124.
[03/07/2021 00:12:46]: Peer 1006 received the 'have' message from 1008 for the piece 72.
[03/07/2021 00:12:46]: Peer 1006 received the 'have' message from 1008 for the piece 47.
[03/07/2021 00:12:46]: Peer 1006 received the 'have' message from 1008 for the piece 118.
[03/07/2021 00:12:46]: Peer 1006 received the 'have' message from 1008 for the piece 34.
[03/07/2021 00:12:46]: Peer 1006 received the 'have' message from 1008 for the piece 86.
[03/07/2021 00:12:46]: Peer 1006 received the 'have' message from 1004 for the piece 102.
[03/07/2021 00:12:46]: Peer 1006 received the 'have' message from 1007 for the piece 58.
[03/07/2021 00:12:46]: Peer 1006 received the 'have' message from 1009 for the piece 2.
[03/07/2021 00:12:46]: Peer 1006 received the 'have' message from 1008 for the piece 101.
[03/07/2021 00:12:46]: Peer 1006 received the 'have' message from 1002 for the piece 114.
[03/07/2021 00:12:46]: Peer 1006 received the 'have' message from 1002 for the piece 132.
[03/07/2021 00:12:46]: Peer 1006 received the 'have' message from 1003 for the piece 113.
[03/07/2021 00:12:46]: Peer 1006 received the 'have' message from 1005 for the piece 78.
[03/07/2021 00:12:46]: Peer 1006 received the 'have' message from 1009 for the piece 103.
[03/07/2021 00:12:46]: Peer 1006 received the 'have' message from 1009 for the piece 127.
[03/07/2021 00:12:46]: Peer 1006 received the 'have' message from 1003 for the piece 37.
[03/07/2021 00:12:46]: Peer 1006 received the 'have' message from 1005 for the piece 75.
[03/07/2021 00:12:46]: Peer 1006 received the 'have' message from 1008 for the piece 129.
[03/07/2021 00:12:46]: Peer 1006 received the 'have' message from 1008 for the piece 54.
[03/07/2021 00:12:46]: Peer 1006 received the 'have' message from 1009 for the piece 115.
[03/07/2021 00:12:46]: Peer 1006 received the 'have' message from 1009 for the piece 68.
[03/07/2021 00:12:46]: Peer 1006 received the 'have' message from 1009 for the piece 50.
[03/07/2021 00:12:46]: Peer 1006 received the 'have' message from 1008 for the piece 117.
[03/07/2021 00:12:47]: Peer 1006 received the 'have' message from 1003 for the piece 92.
[03/07/2021 00:12:47]: Peer 1006 received the 'have' message from 1007 for the piece 112.
[03/07/2021 00:12:47]: Peer 1006 received the 'have' message from 1004 for the piece 3.
[03/07/2021 00:12:47]: Peer 1006 received the 'have' message from 1009 for the piece 44.
[03/07/2021 00:12:47]: Peer 1006 received the 'have' message from 1008 for the piece 88.
[03/07/2021 00:12:47]: Peer 1006 received the 'have' message from 1008 for the piece 27.
[03/07/2021 00:12:47]: Peer 1006 received the 'have' message from 1007 for the piece 2.
[03/07/2021 00:12:47]: Peer 1006 received the 'have' message from 1007 for the piece 39.
[03/07/2021 00:12:47]: Peer 1006 received the 'have' message from 1007 for the piece 115.
[03/07/2021 00:12:47]: Peer 1006 received the 'have' message from 1007 for the piece 27.
[03/07/2021 00:12:47]: Peer 1006 received the 'have' message from 1009 for the piece 110.
[03/07/2021 00:12:47]: Peer 1006 received the 'have' message from 1008 for the piece 108.
[03/07/2021 00:12:47]: Peer 1006 received the 'have' message from 1008 for the piece 32.
[03/07/2021 00:12:47]: Peer 1006 received the 'have' message from 1008 for the piece 35.
[03/07/2021 00:12:47]: Peer 1006 received the 'have' message from 1005 for the piece 108.
[03/07/2021 00:12:47]: Peer 1006 received the 'have' message from 1007 for the piece 37.
[03/07/2021 00:12:47]: Peer 1006 received the 'have' message from 1009 for the piece 108.
[03/07/2021 00:12:47]: Peer 1006 received the 'have' message from 1009 for the piece 30.
[03/07/2021 00:12:47]: Peer 1006 received the 'have' message from 1002 for the piece 120.
[03/07/2021 00:12:47]: Peer 1006 received the 'have' message from 1003 for the piece 111.
[03/07/2021 00:12:47]: Peer 1006 received the 'have' message from 1008 for the piece 102.
[03/07/2021 00:12:47]: Peer 1006 has the preferred neighbors 1008, 1005, 1002.
[03/07/2021 00:12:47]: Peer 1006 received the 'have' message from 1008 for the piece 116.
[03/07/2021 00:12:47]: Peer 1006 received the 'have' message from 1007 for the piece 116.
[03/07/2021 00:12:47]: Peer 1006 received the 'have' message from 1008 for the piece 90.
[03/07/2021 00:12:47]: Peer 1006 received the 'have' message from 1002 for the piece 102.
[03/07/2021 00:12:48]: Peer 1006 received the 'have' message from 1003 for the piece 28.
[03/07/2021 00:12:48]: Peer 1006 received the 'have' message from 1003 for the piece 59.
[03/07/2021 00:12:48]: Peer 1006 received the 'have' message from 1008 for the piece 85.
[03/07/2021 00:12:48]: Peer 1006 received the 'have' message from 1008 for the piece 31.
[03/07/2021 00:12:48]: Peer 1006 received the 'have' message from 1008 for the piece 113.
[03/07/2021 00:12:48]: Peer 1006 received the 'have' message from 1008 for the piece 107.
[03/07/2021 00:12:48]: Peer 1006 received the 'have' message from 1004 for the piece 85.
[03/07/2021 00:12:48]: Peer 1006 received the 'have' message from 1009 for the piece 57.
[03/07/2021 00:12:48]: Peer 1006 received the 'have' message from 1005 for the piece 55.
[03/07/2021 00:12:48]: Peer 1006 received the 'have' message from 1005 for the piece 120.
[03/07/2021 00:12:48]: Peer 1006 received the 'have' message from 1005 for the piece 45.
[03/07/2021 00:12:48]: Peer 1006 received the 'have' message from 1003 for the piece 108.
[03/07/2021 00:12:48]: Peer 1006 received the 'have' message from 1007 for the piece 76.
[03/07/2021 00:12:48]: Peer 1006 received the 'have' message from 1007 for the piece 21.
[03/07/2021 00:12:48]: Peer 1006 received the 'have' message from 1002 for the piece 56.
[03/07/2021 00:12:48]: Peer 1006 received the 'have' message from 1002 for the piece 89.
[03/07/2021 00:12:48]: Peer 1006 received the 'have' message from 1007 for the piece 57.
[03/07/2021 00:12:48]: Peer 1006 received the 'have' message from 1008 for the piece 98.
[03/07/2021 00:12:48]: Peer 1006 received the 'have' message from 1008 for the piece 7.
[03/07/2021 00:12:48]: Peer 1006 received the 'have' message from 1002 for the piece 68.
[03/07/2021 00:12:49]: Peer 1006 received the 'have' message from 1007 for the piece 43.
[03/07/2021 00:12:49]: Peer 1006 received the 'have' message from 1003 for the piece 57.
[03/07/2021 00:12:49]: Peer 1006 received the 'have' message from 1009 for the piece 45.
[03/07/2021 00:12:49]: Peer 1006 received the 'have' message from 1004 for the piece 54.
[03/07/2021 00:12:49]: Peer 1006 received the 'have' message from 1008 for the piece 109.
[03/07/2021 00:12:49]: Peer 1006 received the 'have' message from 1008 for the piece 78.
[03/07/2021 00:12:49]: Peer 1006 received the 'have' message from 1004 for the piece 76.
[03/07/2021 00:12:49]: Peer 1006 received the 'have' message from 1005 for the piece 87.
[03/07/2021 00:12:49]: Peer 1006 received the 'have' message from 1005 for the piece 128.
[03/07/2021 00:12:49]: Peer 1006 received the 'have' message from 1005 for the piece 124.
[03/07/2021 00:12:49]: Peer 1006 received the 'have' message from 1005 for the piece 93.
[03/07/2021 00:12:49]: Peer 1006 received the 'have' message from 1007 for the piece 117.
[03/07/2021 00:12:49]: Peer 1006 received the 'have' message from 1008 for the piece 3.
[03/07/2021 00:12:49]: Peer 1006 received the 'have' message from 1009 for the piece 124.
[03/07/2021 00:12:49]: Peer 1006 received the 'have' message from 1005 for the piece 10.
[03/07/2021 00:12:50]: Peer 1006 has the optimistically unchoked neighbor 1003.
[03/07/2021 00:12:50]: Peer 1006 received the 'have' message from 1005 for the piece 89.
[03/07/2021 00:12:50]: Peer 1006 received the 'have' message from 1003 for the piece 58.
[03/07/2021 00:12:50]: Peer 1006 received the 'have' message from 1009 for the piece 28.
[03/07/2021 00:12:50]: Peer 1006 received the 'have' message from 1009 for the piece 111.
[03/07/2021 00:12:50]: Peer 1006 received the 'have' message from 1008 for the piece 100.
[03/07/2021 00:12:50]: Peer 1006 received the 'have' message from 1003 for the piece 25.
[03/07/2021 00:12:50]: Peer 1006 received the 'have' message from 1003 for the piece 46.
[03/07/2021 00:12:50]: Peer 1006 received the 'have' message from 1004 for the piece 59.
[03/07/2021 00:12:50]: Peer 1006 received the 'have' message from 1004 for the piece 106.
[03/07/2021 00:12:50]: Peer 1006 received the 'have' message from 1008 for the piece 83.
[03/07/2021 00:12:50]: Peer 1006 received the 'have' message from 1004 for the piece 70.
[03/07/2021 00:12:50]: Peer 1006 received the 'have' message from 1009 for the piece 4.
[03/07/2021 00:12:50]: Peer 1006 received the 'have' message from 1008 for the piece 84.
[03/07/2021 00:12:50]: Peer 1006 received the 'have' message from 1007 for the piece 34.
[03/07/2021 00:12:51]: Peer 1006 received the 'have' message from 1005 for the piece 116.
[03/07/2021 00:12:51]: Peer 1006 received the 'have' message from 1008 for the piece 19.
[03/07/2021 00:12:51]: Peer 1006 received the 'have' message from 1002 for the piece 60.
[03/07/2021 00:12:51]: Peer 1006 received the 'have' message from 1007 for the piece 123.
[03/07/2021 00:12:51]: Peer 1006 received the 'have' message from 1003 for the piece 27.
[03/07/2021 00:12:51]: Peer 1006 received the 'have' message from 1007 for the piece 96.
[03/07/2021 00:12:51]: Peer 1006 received the 'have' message from 1009 for the piece 131.
[03/07/2021 00:12:51]: Peer 1006 received the 'have' message from 1009 for the piece 116.
[03/07/2021 00:12:51]: Peer 1006 received the 'have' message from 1005 for the piece 67.
[03/07/2021 00:12:51]: Peer 1006 received the 'have' message from 1003 for the piece 45.
[03/07/2021 00:12:51]: Peer 1006 received the 'have' message from 1003 for the piece 114.
[03/07/2021 00:12:51]: Peer 1006 received the 'have' message from 1002 for the piece 113.
[03/07/2021 00:12:51]: Peer 1006 received the 'have' message from 1005 for the piece 88.
[03/07/2021 00:12:51]: Peer 1006 received the 'have' message from 1004 for the piece 115.
[03/07/2021 00:12:51]: Peer 1006 received the 'have' message from 1002 for the piece 25.
[03/07/2021 00:12:51]: Peer 1006 received the 'have' message from 1008 for the piece 58.
[03/07/2021 00:12:51]: Peer 1006 received the 'have' message from 1009 for the piece 31.
[03/07/2021 00:12:51]: Peer 1006 received the 'have' message from 1009 for the piece 113.
[03/07/2021 00:12:51]: Peer 1006 received the 'have' message from 1009 for the piece 87.
[03/07/2021 00:12:51]: Peer 1006 received the 'have' message from 1007 for the piece 75.
[03/07/2021 00:12:51]: Peer 1006 received the 'have' message from 1007 for the piece 61.
[03/07/2021 00:12:51]: Peer 1006 received the 'have' message from 1005 for the piece 22.
[03/07/2021 00:12:51]: Peer 1006 received the 'have' message from 1008 for the piece 14.
[03/07/2021 00:12:51]: Peer 1006 received the 'have' message from 1008 for the piece 28.
[03/07/2021 00:12:51]: Peer 1006 received the 'have' message from 1008 for the piece 48.
[03/07/2021 00:12:51]: Peer 1006 received the 'have' message from 1003 for the piece 29.
[03/07/2021 00:12:52]: Peer 1006 received the 'have' message from 1009 for the piece 69.
[03/07/2021 00:12:52]: Peer 1006 received the 'have' message from 1003 for the piece 17.
[03/07/2021 00:12:52]: Peer 1006 received the 'have' message from 1003 for the piece 118.
[03/07/2021 00:12:52]: Peer 1006 received the 'have' message from 1003 for the piece 82.
[03/07/2021 00:12:52]: Peer 1006 received the 'have' message from 1005 for the piece 3.
[03/07/2021 00:12:52]: Peer 1006 received the 'have' message from 1005 for the piece 96.
[03/07/2021 00:12:52]: Peer 1006 received the 'have' message from 1004 for the piece 111.
[03/07/2021 00:12:52]: Peer 1006 received the 'have' message from 1002 for the piece 43.
[03/07/2021 00:12:52]: Peer 1006 received the 'have' message from 1007 for the piece 23.
[03/07/2021 00:12:52]: Peer 1006 received the 'have' message from 1009 for the piece 126.
[03/07/2021 00:12:52]: Peer 1006 received the 'have' message from 1009 for the piece 132.
[03/07/2021 00:12:52]: Peer 1006 received the 'have' message from 1008 for the piece 122.
[03/07/2021 00:12:52]: Peer 1006 received the 'have' message from 1009 for the piece 76.
[03/07/2021 00:12:52]: Peer 1006 received the 'have' message from 1009 for the piece 117.
[03/07/2021 00:12:52]: Peer 1006 received the 'have' message from 1009 for the piece 27.
[03/07/2021 00:12:52]: Peer 1006 received the 'have' message from 1009 for the piece 43.
[03/07/2021 00:12:52]: Peer 1006 received the 'have' message from 1009 for the piece 16.
[03/07/2021 00:12:52]: Peer 1006 received the 'have' message from 1009 for the piece 94.
[03/07/2021 00:12:52]: Peer 1006 received the 'have' message from 1002 for the piece 54.
[03/07/2021 00:12:52]: Peer 1006 received the 'have' message from 1002 for the piece 16.
[03/07/2021 00:12:52]: Peer 1006 received the 'have' message from 1002 for the piece 95.
[03/07/2021 00:12:52]: Peer 1006 received the 'have' message from 1004 for the piece 121.
[03/07/2021 00:12:52]: Peer 1006 received the 'have' message from 1004 for the piece 112.
[03/07/2021 00:12:52]: Peer 1006 received the 'have' message from 1004 for the piece 116.
[03/07/2021 00:12:52]: Peer 1006 received the 'have' message from 1003 for the piece 3.
[03/07/2021 00:12:52]: Peer 1006 received the 'have' message from 1003 for the piece 89.
[03/07/2021 00:12:52]: Peer 1006 received the 'have' message from 1003 for the piece 107.
[03/07/2021 00:12:52]: Peer 1006 received the 'have' message from 1003 for the piece 30.
[03/07/2021 00:12:52]: Peer 1006 received the 'have' message from 1003 for the piece 2.
[03/07/2021 00:12:52]: Peer 1006 received the 'have' message from 1003 for the piece 75.
[03/07/2021 00:12:52]: Peer 1006 received the 'have' message from 1008 for the piece 120.
[03/07/2021 00:12:52]: Peer 1006 received the 'have' message from 1008 for the piece 97.
[03/07/2021 00:12:52]: Peer 1006 received the 'have' message from 1007 for the piece 88.
[03/07/2021 00:12:52]: Peer 1006 received the 'have' message from 1005 for the piece 53.
[03/07/2021 00:12:52]: Peer 1006 received the 'have' message from 1005 for the piece 114.
[03/07/2021 00:12:52]: Peer 1006 received the 'have' message from 1005 for the piece 130.
[03/07/2021 00:12:52]: Peer 1006 received the 'have' message from 1009 for the piece 49.
[03/07/2021 00:12:52]: Peer 1006 received the 'have' message from 1008 for the piece 131.
[03/07/2021 00:12:52]: Peer 1006 received the 'have' message from 1002 for the piece 14.
[03/07/2021 00:12:52]: Peer 1006 received the 'have' message from 1003 for the piece 128.
[03/07/2021 00:12:52]: Peer 1006 received the 'have' message from 1003 for the piece 61.
[03/07/2021 00:12:52]: Peer 1006 received the 'have' message from 1004 for the piece 10.
[03/07/2021 00:12:52]: Peer 1006 received the 'have' message from 1005 for the piece 61.
[03/07/2021 00:12:53]: Peer 1006 has the preferred neighbors 1009, 1004, 1005.
[03/07/2021 00:12:53]: Peer 1006 received the 'have' message from 1005 for the piece 56.
[03/07/2021 00:12:53]: Peer 1006 received the 'have' message from 1007 for the piece 64.
[03/07/2021 00:12:53]: Peer 1006 received the 'have' message from 1007 for the piece 29.
[03/07/2021 00:12:53]: Peer 1006 received the 'have' message from 1007 for the piece 52.
[03/07/2021 00:12:53]: Peer 1006 received the 'have' message from 1007 for the piece 107.
[03/07/2021 00:12:53]: Peer 1006 received the 'have' message from 1007 for the piece 6.
[03/07/2021 00:12:53]: Peer 1006 received the 'have' message from 1009 for the piece 121.
[03/07/2021 00:12:53]: Peer 1006 received the 'have' message from 1004 for the piece 16.
[03/07/2021 00:12:53]: Peer 1006 received the 'have' message from 1002 for the piece 85.
[03/07/2021 00:12:53]: Peer 1006 received the 'have' message from 1002 for the piece 20.
[03/07/2021 00:12:53]: Peer 1006 received the 'have' message from 1005 for the piece 36.
[03/07/2021 00:12:53]: Peer 1006 received the 'have' message from 1004 for the piece 56.
[03/07/2021 00:12:53]: Peer 1006 received the 'have' message from 1004 for the piece 20.
[03/07/2021 00:12:53]: Peer 1006 received the 'have' message from 1004 for the piece 131.
[03/07/2021 00:12:53]: Peer 1006 received the 'have' message from 1003 for the piece 16.
[03/07/2021 00:12:53]: Peer 1006 received the 'have' message from 1002 for the piece 59.
[03/07/2021 00:12:53]: Peer 1006 received the 'have' message from 1002 for the piece 86.
[03/07/2021 00:12:53]: Peer 1006 received the 'have' message from 1002 for the piece 83.
[03/07/2021 00:12:53]: Peer 1006 received the 'have' message from 1004 for the piece 126.
[03/07/2021 00:12:53]: Peer 1006 received the 'have' message from 1004 for the piece 120.
[03/07/2021 00:12:53]: Peer 1006 received the 'have' message from 1004 for the piece 68.
[03/07/2021 00:12:53]: Peer 1006 received the 'have' message from 1004 for the piece 130.
[03/07/2021 00:12:53]: Peer 1006 received the 'have' message from 1008 for the piece 89.
[03/07/2021 00:12:53]: Peer 1006 received the 'have' message from 1008 for the piece 23.
[03/07/2021 00:12:53]: Peer 1006 received the 'have' message from 1005 for the piece 16.
[03/07/2021 00:12:53]: Peer 1006 received the 'have' message from 1005 for the piece 21.
[03/07/2021 00:12:53]: Peer 1006 received the 'have' message from 1007 for the piece 55.
[03/07/2021 00:12:53]: Peer 1006 received the 'have' message from 1007 for the piece 16.
[03/07/2021 00:12:53]: Peer 1006 received the 'have' message from 1007 for the piece 14.
[03/07/2021 00:12:53]: Peer 1006 received the 'have' message from 1007 for the piece 22.
[03/07/2021 00:12:53]: Peer 1006 received the 'have' message from 1009 for the piece 54.
[03/07/2021 00:12:53]: Peer 1006 received the 'have' message from 1009 for the piece 89.
[03/07/2021 00:12:53]: Peer 1006 received the 'have' message from 1005 for the piece 106.
[03/07/2021 00:12:53]: Peer 1006 received the 'have' message from 1005 for the piece 6.
[03/07/2021 00:12:53]: Peer 1006 received the 'have' message from 1005 for the piece 32.
[03/07/2021 00:12:53]: Peer 1006 received the 'have' message from 1005 for the piece 132.
[03/07/2021 00:12:53]: Peer 1006 received the 'have' message from 1003 for the piece 102.
[03/07/2021 00:12:53]: Peer 1006 received the 'have' message from 1003 for the piece 12.
[03/07/2021 00:12:53]: Peer 1006 received the 'have' message from 1003 for the piece 88.
[03/07/2021 00:12:53]: Peer 1006 received the 'have' message from 1009 for the piece 59.
[03/07/2021 00:12:53]: Peer 1006 received the 'have' message from 1003 for the piece 55.
[03/07/2021 00:12:53]: Peer 1006 received the 'have' message from 1003 for the piece 121.
[03/07/2021 00:12:53]: Peer 1006 received the 'have' message from 1003 for the piece 123.
[03/07/2021 00:12:53]: Peer 1006 received the 'have' message from 1003 for the piece 52.
[03/07/2021 00:12:53]: Peer 1006 received the 'have' message from 1005 for the piece 65.
[03/07/2021 00:12:53]: Peer 1006 received the 'have' message from 1002 for the piece 52.
[03/07/2021 00:12:53]: Peer 1006 received the 'have' message from 1002 for the piece 117.
[03/07/2021 00:12:53]: Peer 1006 received the 'have' message from 1007 for the piece 50.
[03/07/2021 00:12:53]: Peer 1006 received the 'have' message from 1008 for the piece 45.
[03/07/2021 00:12:53]: Peer 1006 received the 'have' message from 1008 for the piece 15.
[03/07/2021 00:12:53]: Peer 1006 received the 'have' message from 1008 for the piece 92.
[03/07/2021 00:12:53]: Peer 1006 received the 'have' message from 1005 for the piece 46.
[03/07/2021 00:12:53]: Peer 1006 received the 'have' message from 1008 for the piece 20.
[03/07/2021 00:12:53]: Peer 1006 received the 'have' message from 1008 for the piece 21.
[03/07/2021 00:12:53]: Peer 1006 received the 'have' message from 1004 for the piece 31.
[03/07/2021 00:12:53]: Peer 1006 received the 'have' message from 1004 for the piece 43.
[03/07/2021 00:12:53]: Peer 1006 received the 'have' message from 1005 for the piece 109.
[03/07/2021 00:12:54]: Peer 1006 received the 'have' message from 1007 for the piece 104.
[03/07/2021 00:12:54]: Peer 1006 received the 'have' message from 1002 for the piece 123.
[03/07/2021 00:12:55]: Peer 1006 received the 'have' message from 1002 for the piece 64.
[03/07/2021 00:12:55]: Peer 1006 received the 'have' message from 1008 for the piece 16.
[03/07/2021 00:12:55]: Peer 1006 received the 'have' message from 1009 for the piece 42.
[03/07/2021 00:12:55]: Peer 1006 received the 'have' message from 1007 for the piece 122.
[03/07/2021 00:12:55]: Peer 1006 received the 'have' message from 1007 for the piece 90.
[03/07/2021 00:12:56]: Peer 1006 received the 'have' message from 1004 for the piece 25.
[03/07/2021 00:12:56]: Peer 1006 received the 'have' message from 1004 for the piece 53.
[03/07/2021 00:12:56]: Peer 1006 received the 'have' message from 1004 for the piece 23.
[03/07/2021 00:12:56]: Peer 1006 received the 'have' message from 1004 for the piece 49.
[03/07/2021 00:12:56]: Peer 1006 received the 'have' message from 1008 for the piece 46.
[03/07/2021 00:12:56]: Peer 1006 received the 'have' message from 1008 for the piece 12.
[03/07/2021 00:12:56]: Peer 1006 received the 'have' message from 1003 for the piece 112.
[03/07/2021 00:12:56]: Peer 1006 received the 'have' message from 1003 for the piece 81.
[03/07/2021 00:12:56]: Peer 1006 received the 'have' message from 1003 for the piece 18.
[03/07/2021 00:12:56]: Peer 1006 received the 'have' message from 1002 for the piece 77.
[03/07/2021 00:12:56]: Peer 1006 received the 'have' message from 1007 for the piece 111.
[03/07/2021 00:12:56]: Peer 1006 received the 'have' message from 1007 for the piece 101.
[03/07/2021 00:12:56]: Peer 1006 received the 'have' message from 1007 for the piece 10.
[03/07/2021 00:12:56]: Peer 1006 received the 'have' message from 1009 for the piece 60.
[03/07/2021 00:12:56]: Peer 1006 received the 'have' message from 1004 for the piece 21.
[03/07/2021 00:12:56]: Peer 1006 received the 'have' message from 1004 for the piece 32.
[03/07/2021 00:12:56]: Peer 1006 received the 'have' message from 1005 for the piece 129.
[03/07/2021 00:12:56]: Peer 1006 received the 'have' message from 1005 for the piece 39.
[03/07/2021 00:12:56]: Peer 1006 received the 'have' message from 1005 for the piece 122.
[03/07/2021 00:12:56]: Peer 1006 received the 'have' message from 1005 for the piece 68.
[03/07/2021 00:12:56]: Peer 1006 received the 'have' message from 1005 for the piece 83.
[03/07/2021 00:12:56]: Peer 1006 received the 'have' message from 1005 for the piece 60.
[03/07/2021 00:12:56]: Peer 1006 received the 'have' message from 1004 for the piece 123.
[03/07/2021 00:12:56]: Peer 1006 received the 'have' message from 1004 for the piece 12.
[03/07/2021 00:12:56]: Peer 1006 received the 'have' message from 1008 for the piece 49.
[03/07/2021 00:12:56]: Peer 1006 received the 'have' message from 1003 for the piece 6.
[03/07/2021 00:12:57]: Peer 1006 received the 'have' message from 1004 for the piece 42.
[03/07/2021 00:12:57]: Peer 1006 received the 'have' message from 1009 for the piece 84.
[03/07/2021 00:12:57]: Peer 1006 received the 'have' message from 1003 for the piece 124.
[03/07/2021 00:12:57]: Peer 1006 received the 'have' message from 1007 for the piece 28.
[03/07/2021 00:12:57]: Peer 1006 received the 'have' message from 1007 for the piece 103.
[03/07/2021 00:12:57]: Peer 1006 received the 'have' message from 1007 for the piece 106.
[03/07/2021 00:12:57]: Peer 1006 received the 'have' message from 1008 for the piece 43.
[03/07/2021 00:12:57]: Peer 1006 received the 'have' message from 1008 for the piece 10.
[03/07/2021 00:12:57]: Peer 1006 received the 'have' message from 1008 for the piece 29.
[03/07/2021 00:12:57]: Peer 1006 received the 'have' message from 1008 for the piece 70.
[03/07/2021 00:12:57]: Peer 1006 received the 'have' message from 1008 for the piece 95.
[03/07/2021 00:12:57]: Peer 1006 received the 'have' message from 1008 for the piece 127.
[03/07/2021 00:12:57]: Peer 1006 received the 'have' message from 1008 for the piece 59.
[03/07/2021 00:12:57]: Peer 1006 received the 'have' message from 1008 for the piece 61.
[03/07/2021 00:12:57]: Peer 1006 received the 'have' message from 1008 for the piece 24.
[03/07/2021 00:12:57]: Peer 1006 received the 'have' message from 1002 for the piece 92.
[03/07/2021 00:12:57]: Peer 1006 received the 'have' message from 1002 for the piece 84.
[03/07/2021 00:12:57]: Peer 1006 received the 'have' message from 1002 for the piece 42.
[03/07/2021 00:12:57]: Peer 1006 received the 'have' message from 1003 for the piece 86.
[03/07/2021 00:12:57]: Peer 1006 received the 'have' message from 1007 for the piece 19.
[03/07/2021 00:12:57]: Peer 1006 received the 'have' message from 1007 for the piece 86.
[03/07/2021 00:12:57]: Peer 1006 received the 'have' message from 1007 for the piece 40.
[03/07/2021 00:12:57]: Peer 1006 received the 'have' message from 1007 for the piece 92.
[03/07/2021 00:12:57]: Peer 1006 received the 'have' message from 1007 for the piece 48.
[03/07/2021 00:12:57]: Peer 1006 received the 'have' message from 1007 for the piece 42.
[03/07/2021 00:12:57]: Peer 1006 received the 'have' message from 1007 for the piece 132.
[03/07/2021 00:12:57]: Peer 1006 received the 'have' message from 1009 for the piece 112.
[03/07/2021 00:12:57]: Peer 1006 received the 'have' message from 1009 for the piece 10.
[03/07/2021 00:12:57]: Peer 1006 received the 'have' message from 1009 for the piece 97.
[03/07/2021 00:12:57]: Peer 1006 received the 'have' message from 1002 for the piece 27.
[03/07/2021 00:12:57]: Peer 1006 received the 'have' message from 1009 for the piece 14.
[03/07/2021 00:12:57]: Peer 1006 received the 'have' message from 1008 for the piece 64.
[03/07/2021 00:12:57]: Peer 1006 received the 'have' message from 1004 for the piece 57.
[03/07/2021 00:12:57]: Peer 1006 received the 'have' message from 1004 for the piece 47.
[03/07/2021 00:12:57]: Peer 1006 received the 'have' message from 1004 for the piece 71.
[03/07/2021 00:12:57]: Peer 1006 received the 'have' message from 1004 for the piece 30.
[03/07/2021 00:12:57]: Peer 1006 received the 'have' message from 1004 for the piece 14.
[03/07/2021 00:12:57]: Peer 1006 received the 'have' message from 1004 for the piece 51.
[03/07/2021 00:12:57]: Peer 1006 received the 'have' message from 1002 for the piece 126.
[03/07/2021 00:12:57]: Peer 1006 received the 'have' message from 1005 for the piece 20.
[03/07/2021 00:12:57]: Peer 1006 received the 'have' message from 1005 for the piece 115.
[03/07/2021 00:12:57]: Peer 1006 received the 'have' message from 1005 for the piece 43.
[03/07/2021 00:12:57]: Peer 1006 received the 'have' message from 1009 for the piece 11.
[03/07/2021 00:12:57]: Peer 1006 received the 'have' message from 1008 for the piece 66.
[03/07/2021 00:12:58]: Peer 1006 has the optimistically unchoked neighbor 1008.
[03/07/2021 00:12:58]: Peer 1006 has the preferred neighbors 1009, 1005, 1003.
[03/07/2021 00:12:58]: Peer 1006 received the 'have' message from 1002 for the piece 87.
[03/07/2021 00:12:58]: Peer 1006 received the 'have' message from 1002 for the piece 78.
[03/07/2021 00:12:58]: Peer 1006 received the 'have' message from 1005 for the piece 28.
[03/07/2021 00:12:58]: Peer 1006 received the 'have' message from 1009 for the piece 67.
[03/07/2021 00:12:58]: Peer 1006 received the 'have' message from 1009 for the piece 0.
[03/07/2021 00:12:58]: Peer 1006 received the 'have' message from 1003 for the piece 99.
[03/07/2021 00:12:58]: Peer 1006 received the 'have' message from 1003 for the piece 97.
[03/07/2021 00:12:58]: Peer 1006 received the 'have' message from 1007 for the piece 49.
[03/07/2021 00:12:58]: Peer 1006 received the 'have' message from 1007 for the piece 95.
[03/07/2021 00:12:58]: Peer 1006 received the 'have' message from 1004 for the piece 28.
[03/07/2021 00:12:58]: Peer 1006 received the 'have' message from 1008 for the piece 123.
[03/07/2021 00:12:58]: Peer 1006 received the 'have' message from 1005 for the piece 57.
[03/07/2021 00:12:58]: Peer 1006 received the 'have' message from 1005 for the piece 27.
[03/07/2021 00:12:58]: Peer 1006 received the 'have' message from 1007 for the piece 94.
[03/07/2021 00:12:58]: Peer 1006 received the 'have' message from 1008 for the piece 81.
[03/07/2021 00:12:58]: Peer 1006 received the 'have' message from 1008 for the piece 105.
[03/07/2021 00:12:58]: Peer 1006 received the 'have' message from 1008 for the piece 40.
[03/07/2021 00:12:58]: Peer 1006 received the 'have' message from 1009 for the piece 96.
[03/07/2021 00:12:58]: Peer 1006 received the 'have' message from 1004 for the piece 96.
[03/07/2021 00:12:58]: Peer 1006 received the 'have' message from 1007 for the piece 129.
[03/07/2021 00:12:58]: Peer 1006 received the 'have' message from 1003 for the piece 1.
[03/07/2021 00:12:58]: Peer 1006 received the 'have' message from 1003 for the piece 21.
[03/07/2021 00:12:58]: Peer 1006 received the 'have' message from 1003 for the piece 117.
[03/07/2021 00:12:58]: Peer 1006 received the 'have' message from 1005 for the piece 92.
[03/07/2021 00:12:58]: Peer 1006 received the 'have' message from 1005 for the piece 111.
[03/07/2021 00:12:58]: Peer 1006 received the 'have' message from 1004 for the piece 45.
[03/07/2021 00:12:58]: Peer 1006 received the 'have' message from 1004 for the piece 34.
[03/07/2021 00:12:58]: Peer 1006 received the 'have' message from 1004 for the piece 37.
[03/07/2021 00:12:58]: Peer 1006 received the 'have' message from 1009 for the piece 63.
[03/07/2021 00:12:58]: Peer 1006 received the 'have' message from 1009 for the piece 92.
[03/07/2021 00:12:58]: Peer 1006 received the 'have' message from 1009 for the piece 85.
[03/07/2021 00:12:58]: Peer 1006 received the 'have' message from 1009 for the piece 78.
[03/07/2021 00:12:58]: Peer 1006 received the 'have' message from 1007 for the piece 83.
[03/07/2021 00:12:58]: Peer 1006 received the 'have' message from 1007 for the piece 32.
[03/07/2021 00:12:58]: Peer 1006 received the 'have' message from 1005 for the piece 17.
[03/07/2021 00:12:58]: Peer 1006 received the 'have' message from 1005 for the piece 4.
[03/07/2021 00:12:58]: Peer 1006 received the 'have' message from 1004 for the piece 27.
[03/07/2021 00:12:58]: Peer 1006 received the 'have' message from 1008 for the piece 6.
[03/07/2021 00:12:58]: Peer 1006 received the 'have' message from 1007 for the piece 68.
[03/07/2021 00:12:58]: Peer 1006 received the 'have' message from 1009 for the piece 62.
[03/07/2021 00:12:58]: Peer 1006 received the 'have' message from 1003 for the piece 116.
[03/07/2021 00:12:58]: Peer 1006 received the 'have' message from 1003 for the piece 79.
[03/07/2021 00:12:58]: Peer 1006 received the 'have' message from 1003 for the piece 49.
[03/07/2021 00:12:58]: Peer 1006 received the 'have' message from 1004 for the piece 86.
[03/07/2021 00:12:58]: Peer 1006 received the 'have' message from 1004 for the piece 132.
[03/07/2021 00:12:58]: Peer 1006 received the 'have' message from 1004 for the piece 55.
[03/07/2021 00:12:58]: Peer 1006 received the 'have' message from 1005 for the piece 104.
[03/07/2021 00:12:58]: Peer 1006 received the 'have' message from 1008 for the piece 9.
[03/07/2021 00:12:58]: Peer 1006 received the 'have' message from 1008 for the piece 68.
[03/07/2021 00:12:58]: Peer 1006 received the 'have' message from 1007 for the piece 65.
[03/07/2021 00:12:58]: Peer 1006 received the 'have' message from 1009 for the piece 39.
[03/07/2021 00:12:59]: Peer 1006 received the 'have' message from 1009 for the piece 64.
[03/07/2021 00:12:59]: Peer 1006 received the 'have' message from 1004 for the piece 95.
[03/07/2021 00:12:59]: Peer 1006 received the 'have' message from 1004 for the piece 63.
[03/07/2021 00:12:59]: Peer 1006 received the 'have' message from 1005 for the piece 59.
[03/07/2021 00:12:59]: Peer 1006 received the 'have' message from 1005 for the piece 121.
[03/07/2021 00:12:59]: Peer 1006 received the 'have' message from 1005 for the piece 125.
[03/07/2021 00:12:59]: Peer 1006 received the 'have' message from 1005 for the piece 79.
[03/07/2021 00:12:59]: Peer 1006 received the 'have' message from 1005 for the piece 12.
[03/07/2021 00:12:59]: Peer 1006 received the 'have' message from 1005 for the piece 95.
[03/07/2021 00:12:59]: Peer 1006 received the 'have' message from 1005 for the piece 107.
[03/07/2021 00:12:59]: Peer 1006 received the 'have' message from 1005 for the piece 35.
[03/07/2021 00:12:59]: Peer 1006 received the 'have' message from 1007 for the piece 130.
[03/07/2021 00:12:59]: Peer 1006 received the 'have' message from 1002 for the piece 81.
[03/07/2021 00:12:59]: Peer 1006 received the 'have' message from 1003 for the piece 42.
[03/07/2021 00:12:59]: Peer 1006 received the 'have' message from 1009 for the piece 26.
[03/07/2021 00:12:59]: Peer 1006 received the 'have' message from 1009 for the piece 32.
[03/07/2021 00:12:59]: Peer 1006 received the 'have' message from 1009 for the piece 86.
[03/07/2021 00:12:59]: Peer 1006 received the 'have' message from 1004 for the piece 11.
[03/07/2021 00:12:59]: Peer 1006 received the 'have' message from 1003 for the piece 71.
[03/07/2021 00:12:59]: Peer 1006 received the 'have' message from 1003 for the piece 44.
[03/07/2021 00:12:59]: Peer 1006 received the 'have' message from 1003 for the piece 39.
[03/07/2021 00:12:59]: Peer 1006 received the 'have' message from 1003 for the piece 13.
[03/07/2021 00:12:59]: Peer 1006 received the 'have' message from 1008 for the piece 71.
[03/07/2021 00:12:59]: Peer 1006 received the 'have' message from 1008 for the piece 42.
[03/07/2021 00:12:59]: Peer 1006 received the 'have' message from 1008 for the piece 67.
[03/07/2021 00:12:59]: Peer 1006 received the 'have' message from 1008 for the piece 55.
[03/07/2021 00:12:59]: Peer 1006 received the 'have' message from 1008 for the piece 0.
[03/07/2021 00:12:59]: Peer 1006 received the 'have' message from 1007 for the piece 51.
[03/07/2021 00:12:59]: Peer 1006 received the 'have' message from 1007 for the piece 77.
[03/07/2021 00:12:59]: Peer 1006 received the 'have' message from 1002 for the piece 45.
[03/07/2021 00:12:59]: Peer 1006 received the 'have' message from 1002 for the piece 111.
[03/07/2021 00:12:59]: Peer 1006 received the 'have' message from 1005 for the piece 44.
[03/07/2021 00:12:59]: Peer 1006 received the 'have' message from 1005 for the piece 38.
[03/07/2021 00:12:59]: Peer 1006 received the 'have' message from 1004 for the piece 65.
[03/07/2021 00:12:59]: Peer 1006 received the 'have' message from 1002 for the piece 0.
[03/07/2021 00:12:59]: Peer 1006 received the 'have' message from 1004 for the piece 92.
[03/07/2021 00:12:59]: Peer 1006 received the 'have' message from 1003 for the piece 63.
[03/07/2021 00:12:59]: Peer 1006 received the 'have' message from 1009 for the piece 93.
[03/07/2021 00:12:59]: Peer 1006 received the 'have' message from 1009 for the piece 119.
[03/07/2021 00:12:59]: Peer 1006 received the 'have' message from 1008 for the piece 132.
[03/07/2021 00:12:59]: Peer 1006 received the 'have' message from 1005 for the piece 117.
[03/07/2021 00:12:59]: Peer 1006 received the 'have' message from 1005 for the piece 58.
[03/07/2021 00:12:59]: Peer 1006 received the 'have' message from 1005 for the piece 103.
[03/07/2021 00:12:59]: Peer 1006 received the 'have' message from 1003 for the piece 43.
[03/07/2021 00:12:59]: Peer 1006 received the 'have' message from 1003 for the piece 68.
[03/07/2021 00:12:59]: Peer 1006 received the 'have' message from 1007 for the piece 71.
[03/07/2021 00:12:59]: Peer 1006 received the 'have' message from 1007 for the piece 45.
[03/07/2021 00:12:59]: Peer 1006 received the 'have' message from 1009 for the piece 35.
[03/07/2021 00:13:00]: Peer 1006 has the optimistically unchoked neighbor 1002.
[03/07/2021 00:13:00]: Peer 1006 received the 'have' message from 1005 for the piece 71.
[03/07/2021 00:13:00]: Peer 1006 received the 'have' message from 1005 for the piece 64.
[03/07/2021 00:13:00]: Peer 1006 received the 'have' message from 1002 for the piece 28.
[03/07/2021 00:13:00]: Peer 1006 received the 'have' message from 1004 for the piece 82.
[03/07/2021 00:13:00]: Peer 1006 received the 'have' message from 1004 for the piece 60.
[03/07/2021 00:13:00]: Peer 1006 received the 'have' message from 1004 for the piece 72.
[03/07/2021 00:13:00]: Peer 1006 received the 'have' message from 1004 for the piece 81.
[03/07/2021 00:13:00]: Peer 1006 received the 'have' message from 1007 for the piece 60.
[03/07/2021 00:13:00]: Peer 1006 received the 'have' message from 1007 for the piece 62.
[03/07/2021 00:13:00]: Peer 1006 received the 'have' message from 1007 for the piece 63.
[03/07/2021 00:13:00]: Peer 1006 received the 'have' message from 1009 for the piece 104.
[03/07/2021 00:13:00]: Peer 1006 received the 'have' message from 1009 for the piece 34.
[03/07/2021 00:13:00]: Peer 1006 received the 'have' message from 1009 for the piece 12.
[03/07/2021 00:13:00]: Peer 1006 received the 'have' message from 1009 for the piece 9.
[03/07/2021 00:13:00]: Peer 1006 received the 'have' message from 1003 for the piece 19.
[03/07/2021 00:13:00]: Peer 1006 received the 'have' message from 1004 for the piece 98.
[03/07/2021 00:13:00]: Peer 1006 received the 'have' message from 1004 for the piece 67.
[03/07/2021 00:13:00]: Peer 1006 received the 'have' message from 1004 for the piece 50.
[03/07/2021 00:13:00]: Peer 1006 received the 'have' message from 1002 for the piece 103.
[03/07/2021 00:13:00]: Peer 1006 received the 'have' message from 1005 for the piece 127.
[03/07/2021 00:13:00]: Peer 1006 received the 'have' message from 1008 for the piece 110.
[03/07/2021 00:13:00]: Peer 1006 received the 'have' message from 1008 for the piece 51.
[03/07/2021 00:13:00]: Peer 1006 received the 'have' message from 1008 for the piece 65.
[03/07/2021 00:13:00]: Peer 1006 received the 'have' message from 1003 for the piece 23.
[03/07/2021 00:13:00]: Peer 1006 received the 'have' message from 1003 for the piece 41.
[03/07/2021 00:13:00]: Peer 1006 received the 'have' message from 1003 for the piece 10.
[03/07/2021 00:13:00]: Peer 1006 received the 'have' message from 1003 for the piece 24.
[03/07/2021 00:13:00]: Peer 1006 received the 'have' message from 1003 for the piece 0.
[03/07/2021 00:13:00]: Peer 1006 received the 'have' message from 1003 for the piece 122.
[03/07/2021 00:13:00]: Peer 1006 received the 'have' message from 1003 for the piece 5.
[03/07/2021 00:13:00]: Peer 1006 received the 'have' message from 1009 for the piece 47.
[03/07/2021 00:13:00]: Peer 1006 received the 'have' message from 1002 for the piece 63.
[03/07/2021 00:13:00]: Peer 1006 received the 'have' message from 1002 for the piece 131.
[03/07/2021 00:13:00]: Peer 1006 received the 'have' message from 1008 for the piece 130.
[03/07/2021 00:13:00]: Peer 1006 received the 'have' message from 1005 for the piece 52.
[03/07/2021 00:13:00]: Peer 1006 received the 'have' message from 1008 for the piece 77.
[03/07/2021 00:13:00]: Peer 1006 received the 'have' message from 1008 for the piece 56.
[03/07/2021 00:13:00]: Peer 1006 received the 'have' message from 1008 for the piece 11.
[03/07/2021 00:13:00]: Peer 1006 received the 'have' message from 1003 for the piece 115.
[03/07/2021 00:13:00]: Peer 1006 received the 'have' message from 1007 for the piece 125.
[03/07/2021 00:13:00]: Peer 1006 received the 'have' message from 1007 for the piece 0.
[03/07/2021 00:13:00]: Peer 1006 received the 'have' message from 1009 for the piece 107.
[03/07/2021 00:13:00]: Peer 1006 received the 'have' message from 1009 for the piece 90.
[03/07/2021 00:13:00]: Peer 1006 received the 'have' message from 1009 for the piece 5.
[03/07/2021 00:13:00]: Peer 1006 received the 'have' message from 1009 for the piece 55.
[03/07/2021 00:13:00]: Peer 1006 received the 'have' message from 1002 for the piece 4.
[03/07/2021 00:13:00]: Peer 1006 received the 'have' message from 1002 for the piece 118.
[03/07/2021 00:13:00]: Peer 1006 received the 'have' message from 1007 for the piece 11.
[03/07/2021 00:13:00]: Peer 1006 received the 'have' message from 1007 for the piece 66.
[03/07/2021 00:13:00]: Peer 1006 received the 'have' message from 1007 for the piece 13.
[03/07/2021 00:13:00]: Peer 1006 received the 'have' message from 1005 for the piece 37.
[03/07/2021 00:13:00]: Peer 1006 received the 'have' message from 1005 for the piece 82.
[03/07/2021 00:13:00]: Peer 1006 received the 'have' message from 1005 for the piece 105.
[03/07/2021 00:13:00]: Peer 1006 received the 'have' message from 1004 for the piece 33.
[03/07/2021 00:13:00]: Peer 1006 received the 'have' message from 1009 for the piece 129.
[03/07/2021 00:13:00]: Peer 1006 received the 'have' message from 1009 for the piece 70.
[03/07/2021 00:13:00]: Peer 1006 received the 'have' message from 1009 for the piece 48.
[03/07/2021 00:13:00]: Peer 1006 received the 'have' message from 1009 for the piece 7.
[03/07/2021 00:13:00]: Peer 1006 received the 'have' message from 1004 for the piece 13.
[03/07/2021 00:13:00]: Peer 1006 received the 'have' message from 1003 for the piece 110.
[03/07/2021 00:13:00]: Peer 1006 received the 'have' message from 1003 for the piece 95.
[03/07/2021 00:13:00]: Peer 1006 received the 'have' message from 1003 for the piece 32.
[03/07/2021 00:13:00]: Peer 1006 received the 'have' message from 1003 for the piece 20.
[03/07/2021 00:13:00]: Peer 1006 received the 'have' message from 1003 for the piece 36.
[03/07/2021 00:13:00]: Peer 1006 received the 'have' message from 1003 for the piece 127.
[03/07/2021 00:13:00]: Peer 1006 received the 'have' message from 1008 for the piece 99.
[03/07/2021 00:13:01]: Peer 1006 received the 'have' message from 1002 for the piece 36.
[03/07/2021 00:13:01]: Peer 1006 received the 'have' message from 1005 for the piece 119.
[03/07/2021 00:13:01]: Peer 1006 received the 'have' message from 1005 for the piece 5.
[03/07/2021 00:13:01]: Peer 1006 received the 'have' message from 1005 for the piece 54.
[03/07/2021 00:13:01]: Peer 1006 received the 'have' message from 1005 for the piece 26.
[03/07/2021 00:13:01]: Peer 1006 received the 'have' message from 1005 for the piece 49.
[03/07/2021 00:13:01]: Peer 1006 received the 'have' message from 1005 for the piece 72.
[03/07/2021 00:13:01]: Peer 1006 received the 'have' message from 1005 for the piece 11.
[03/07/2021 00:13:01]: Peer 1006 received the 'have' message from 1005 for the piece 18.
[03/07/2021 00:13:01]: Peer 1006 received the 'have' message from 1003 for the piece 100.
[03/07/2021 00:13:01]: Peer 1006 received the 'have' message from 1007 for the piece 9.
[03/07/2021 00:13:01]: Peer 1006 received the 'have' message from 1004 for the piece 64.
[03/07/2021 00:13:01]: Peer 1006 received the 'have' message from 1008 for the piece 22.
[03/07/2021 00:13:01]: Peer 1006 received the 'have' message from 1009 for the piece 29.
[03/07/2021 00:13:01]: Peer 1006 received the 'have' message from 1009 for the piece 123.
[03/07/2021 00:13:01]: Peer 1006 received the 'have' message from 1009 for the piece 125.
[03/07/2021 00:13:01]: Peer 1006 received the 'have' message from 1005 for the piece 42.
[03/07/2021 00:13:01]: Peer 1006 received the 'have' message from 1005 for the piece 41.
[03/07/2021 00:13:01]: Peer 1006 received the 'have' message from 1005 for the piece 23.
[03/07/2021 00:13:01]: Peer 1006 received the 'have' message from 1005 for the piece 0.
[03/07/2021 00:13:01]: Peer 1006 received the 'have' message from 1009 for the piece 71.
[03/07/2021 00:13:01]: Peer 1006 received the 'have' message from 1004 for the piece 93.
[03/07/2021 00:13:01]: Peer 1006 received the 'have' message from 1009 for the piece 130.
[03/07/2021 00:13:01]: Peer 1006 received the 'have' message from 1007 for the piece 15.
[03/07/2021 00:13:01]: Peer 1006 received the 'have' message from 1007 for the piece 99.
[03/07/2021 00:13:01]: Peer 1006 received the 'have' message from 1003 for the piece 67.
[03/07/2021 00:13:01]: Peer 1006 received the 'have' message from 1003 for the piece 91.
[03/07/2021 00:13:01]: Peer 1006 received the 'have' message from 1003 for the piece 8.
[03/07/2021 00:13:01]: Peer 1006 received the 'have' message from 1008 for the piece 4.
[03/07/2021 00:13:01]: Peer 1006 received the 'have' message from 1008 for the piece 44.
[03/07/2021 00:13:01]: Peer 1006 received the 'have' message from 1008 for the piece 39.
[03/07/2021 00:13:01]: Peer 1006 received the 'have' message from 1008 for the piece 26.
[03/07/2021 00:13:01]: Peer 1006 received the 'have' message from 1008 for the piece 63.
[03/07/2021 00:13:01]: Peer 1006 received the 'have' message from 1008 for the piece 36.
[03/07/2021 00:13:01]: Peer 1006 received the 'have' message from 1009 for the piece 46.
[03/07/2021 00:13:01]: Peer 1006 received the 'have' message from 1004 for the piece 79.
[03/07/2021 00:13:01]: Peer 1006 received the 'have' message from 1005 for the piece 80.
[03/07/2021 00:13:01]: Peer 1006 received the 'have' message from 1009 for the piece 65.
[03/07/2021 00:13:01]: Peer 1006 received the 'have' message from 1009 for the piece 81.
[03/07/2021 00:13:01]: Peer 1006 received the 'have' message from 1009 for the piece 98.
[03/07/2021 00:13:01]: Peer 1006 received the 'have' message from 1002 for the piece 79.
[03/07/2021 00:13:01]: Peer 1006 received the 'have' message from 1007 for the piece 35.
[03/07/2021 00:13:01]: Peer 1006 received the 'have' message from 1003 for the piece 54.
[03/07/2021 00:13:01]: Peer 1006 received the 'have' message from 1003 for the piece 80.
[03/07/2021 00:13:01]: Peer 1006 received the 'have' message from 1003 for the piece 14.
[03/07/2021 00:13:01]: Peer 1006 received the 'have' message from 1008 for the piece 1.
[03/07/2021 00:13:01]: Peer 1006 received the 'have' message from 1004 for the piece 84.
[03/07/2021 00:13:01]: Peer 1006 received the 'have' message from 1004 for the piece 66.
[03/07/2021 00:13:01]: Peer 1006 received the 'have' message from 1004 for the piece 15.
[03/07/2021 00:13:01]: Peer 1006 received the 'have' message from 1007 for the piece 119.
[03/07/2021 00:13:01]: Peer 1006 received the 'have' message from 1009 for the piece 80.
[03/07/2021 00:13:02]: Peer 1006 received the 'have' message from 1005 for the piece 97.
[03/07/2021 00:13:02]: Peer 1006 received the 'have' message from 1004 for the piece 61.
[03/07/2021 00:13:02]: Peer 1006 received the 'have' message from 1005 for the piece 86.
[03/07/2021 00:13:02]: Peer 1006 received the 'have' message from 1004 for the piece 19.
[03/07/2021 00:13:02]: Peer 1006 received the 'have' message from 1002 for the piece 61.
[03/07/2021 00:13:02]: Peer 1006 received the 'have' message from 1003 for the piece 64.
[03/07/2021 00:13:02]: Peer 1006 received the 'have' message from 1002 for the piece 112.
[03/07/2021 00:13:02]: Peer 1006 received the 'have' message from 1008 for the piece 115.
[03/07/2021 00:13:02]: Peer 1006 received the 'have' message from 1008 for the piece 79.
[03/07/2021 00:13:02]: Peer 1006 received the 'have' message from 1008 for the piece 38.
[03/07/2021 00:13:02]: Peer 1006 received the 'have' message from 1008 for the piece 125.
[03/07/2021 00:13:02]: Peer 1006 received the 'have' message from 1008 for the piece 8.
[03/07/2021 00:13:02]: Peer 1006 received the 'have' message from 1008 for the piece 82.
[03/07/2021 00:13:02]: Peer 1006 received the 'have' message from 1009 for the piece 19.
[03/07/2021 00:13:02]: Peer 1006 received the 'have' message from 1009 for the piece 18.
[03/07/2021 00:13:02]: Peer 1006 received the 'have' message from 1003 for the piece 125.
[03/07/2021 00:13:02]: Peer 1006 received the 'have' message from 1003 for the piece 65.
[03/07/2021 00:13:02]: Peer 1006 received the 'have' message from 1003 for the piece 119.
[03/07/2021 00:13:02]: Peer 1006 received the 'have' message from 1003 for the piece 9.
[03/07/2021 00:13:02]: Peer 1006 received the 'have' message from 1009 for the piece 118.
[03/07/2021 00:13:03]: Peer 1006 has the preferred neighbors 1008, 1005, 1004.
[03/07/2021 00:13:03]: Peer 1006 received the 'have' message from 1009 for the piece 13.
[03/07/2021 00:13:03]: Peer 1006 received the 'have' message from 1007 for the piece 98.
[03/07/2021 00:13:03]: Peer 1006 received the 'have' message from 1007 for the piece 44.
[03/07/2021 00:13:04]: Peer 1006 received the 'have' message from 1007 for the piece 81.
[03/07/2021 00:13:04]: Peer 1006 received the 'have' message from 1007 for the piece 82.
[03/07/2021 00:13:04]: Peer 1006 received the 'have' message from 1007 for the piece 4.
[03/07/2021 00:13:04]: Peer 1006 received the 'have' message from 1007 for the piece 7.
[03/07/2021 00:13:04]: Peer 1006 received the 'have' message from 1002 for the piece 8.
[03/07/2021 00:13:04]: Peer 1006 received the 'have' message from 1002 for the piece 18.
[03/07/2021 00:13:04]: Peer 1006 received the 'have' message from 1003 for the piece 50.
[03/07/2021 00:13:04]: Peer 1006 received the 'have' message from 1003 for the piece 104.
[03/07/2021 00:13:04]: Peer 1006 received the 'have' message from 1004 for the piece 35.
[03/07/2021 00:13:04]: Peer 1006 received the 'have' message from 1004 for the piece 48.
[03/07/2021 00:13:04]: Peer 1006 received the 'have' message from 1004 for the piece 91.
[03/07/2021 00:13:04]: Peer 1006 received the 'have' message from 1004 for the piece 83.
[03/07/2021 00:13:04]: Peer 1006 received the 'have' message from 1004 for the piece 104.
[03/07/2021 00:13:04]: Peer 1006 received the 'have' message from 1004 for the piece 94.
[03/07/2021 00:13:04]: Peer 1006 received the 'have' message from 1004 for the piece 129.
[03/07/2021 00:13:04]: Peer 1006 received the 'have' message from 1008 for the piece 94.
[03/07/2021 00:13:04]: Peer 1006 received the 'have' message from 1008 for the piece 91.
[03/07/2021 00:13:04]: Peer 1006 received the 'have' message from 1009 for the piece 20.
[03/07/2021 00:13:04]: Peer 1006 received the 'have' message from 1009 for the piece 52.
[03/07/2021 00:13:04]: Peer 1006 received the 'have' message from 1005 for the piece 51.
[03/07/2021 00:13:04]: Peer 1006 received the 'have' message from 1005 for the piece 110.
[03/07/2021 00:13:04]: Peer 1006 received the 'have' message from 1009 for the piece 25.
[03/07/2021 00:13:04]: Peer 1006 received the 'have' message from 1005 for the piece 19.
[03/07/2021 00:13:04]: Peer 1006 received the 'have' message from 1005 for the piece 8.
[03/07/2021 00:13:04]: Peer 1006 received the 'have' message from 1005 for the piece 33.
[03/07/2021 00:13:04]: Peer 1006 received the 'have' message from 1007 for the piece 8.
[03/07/2021 00:13:04]: Peer 1006 received the 'have' message from 1007 for the piece 110.
[03/07/2021 00:13:04]: Peer 1006 received the 'have' message from 1008 for the piece 41.
[03/07/2021 00:13:04]: Peer 1006 received the 'have' message from 1008 for the piece 93.
[03/07/2021 00:13:04]: Peer 1006 received the 'have' message from 1007 for the piece 79.
[03/07/2021 00:13:04]: Peer 1006 received the 'have' message from 1002 for the piece 76.
[03/07/2021 00:13:04]: Peer 1006 received the 'have' message from 1008 for the piece 18.
[03/07/2021 00:13:04]: Peer 1006 received the 'have' message from 1008 for the piece 73.
[03/07/2021 00:13:04]: Peer 1006 received the 'have' message from 1003 for the piece 40.
[03/07/2021 00:13:04]: Peer 1006 received the 'have' message from 1005 for the piece 91.
[03/07/2021 00:13:04]: Peer 1006 received the 'have' message from 1008 for the piece 33.
[03/07/2021 00:13:05]: Peer 1006 received the 'have' message from 1002 for the piece 22.
[03/07/2021 00:13:05]: Peer 1006 received the 'have' message from 1004 for the piece 18.
[03/07/2021 00:13:05]: Peer 1006 received the 'have' message from 1003 for the piece 106.
[03/07/2021 00:13:05]: Peer 1006 received the 'have' message from 1007 for the piece 56.
[03/07/2021 00:13:05]: Peer 1006 received the 'have' message from 1003 for the piece 35.
[03/07/2021 00:13:05]: Peer 1006 received the 'have' message from 1004 for the piece 100.
[03/07/2021 00:13:05]: Peer 1006 received the 'have' message from 1004 for the piece 4.
[03/07/2021 00:13:05]: Peer 1006 received the 'have' message from 1004 for the piece 118.
[03/07/2021 00:13:05]: Peer 1006 received the 'have' message from 1004 for the piece 24.
[03/07/2021 00:13:05]: Peer 1006 received the 'have' message from 1005 for the piece 15.
[03/07/2021 00:13:05]: Peer 1006 received the 'have' message from 1005 for the piece 90.
[03/07/2021 00:13:05]: Peer 1006 received the 'have' message from 1005 for the piece 40.
[03/07/2021 00:13:05]: Peer 1006 received the 'have' message from 1002 for the piece 90.
[03/07/2021 00:13:05]: Peer 1006 received the 'have' message from 1002 for the piece 57.
[03/07/2021 00:13:05]: Peer 1006 received the 'have' message from 1002 for the piece 11.
[03/07/2021 00:13:05]: Peer 1006 received the 'have' message from 1002 for the piece 82.
[03/07/2021 00:13:05]: Peer 1006 received the 'have' message from 1002 for the piece 121.
[03/07/2021 00:13:05]: Peer 1006 received the 'have' message from 1005 for the piece 13.
[03/07/2021 00:13:05]: Peer 1006 received the 'have' message from 1005 for the piece 48.
[03/07/2021 00:13:05]: Peer 1006 received the 'have' message from 1003 for the piece 4.
[03/07/2021 00:13:05]: Peer 1006 received the 'have' message from 1008 for the piece 13.
[03/07/2021 00:13:05]: Peer 1006 received the 'have' message from 1008 for the piece 80.
[03/07/2021 00:13:05]: Peer 1006 received the 'have' message from 1003 for the piece 47.
[03/07/2021 00:13:05]: Peer 1006 received the 'have' message from 1005 for the piece 94.
[03/07/2021 00:13:05]: Peer 1006 received the 'have' message from 1002 for the piece 32.
[03/07/2021 00:13:05]: Peer 1006 received the 'have' message from 1002 for the piece 124.
[03/07/2021 00:13:05]: Peer 1006 received the 'have' message from 1005 for the piece 1.
[03/07/2021 00:13:05]: Peer 1006 received the 'have' message from 1005 for the piece 99.
[03/07/2021 00:13:05]: Peer 1006 received the 'have' message from 1003 for the piece 105.
[03/07/2021 00:13:05]: Peer 1006 received the 'have' message from 1007 for the piece 38.
[03/07/2021 00:13:05]: Peer 1006 received the 'have' message from 1007 for the piece 26.
[03/07/2021 00:13:05]: Peer 1006 received the 'have' message from 1007 for the piece 5.
[03/07/2021 00:13:05]: Peer 1006 received the 'have' message from 1007 for the piece 18.
[03/07/2021 00:13:05]: Peer 1006 received the 'have' message from 1007 for the piece 74.
[03/07/2021 00:13:05]: Peer 1006 received the 'have' message from 1005 for the piece 50.
[03/07/2021 00:13:05]: Peer 1006 received the 'have' message from 1004 for the piece 122.
[03/07/2021 00:13:05]: Peer 1006 received the 'have' message from 1003 for the piece 51.
[03/07/2021 00:13:05]: Peer 1006 received the 'have' message from 1002 for the piece 35.
[03/07/2021 00:13:05]: Peer 1006 received the 'have' message from 1002 for the piece 38.
[03/07/2021 00:13:05]: Peer 1006 received the 'have' message from 1009 for the piece 36.
[03/07/2021 00:13:05]: Peer 1006 received the 'have' message from 1009 for the piece 79.
[03/07/2021 00:13:05]: Peer 1006 received the 'have' message from 1004 for the piece 62.
[03/07/2021 00:13:05]: Peer 1006 received the 'have' message from 1003 for the piece 22.
[03/07/2021 00:13:05]: Peer 1006 received the 'have' message from 1003 for the piece 11.
[03/07/2021 00:13:05]: Peer 1006 received the 'have' message from 1002 for the piece 115.
[03/07/2021 00:13:05]: Peer 1006 received the 'have' message from 1003 for the piece 73.
[03/07/2021 00:13:05]: Peer 1006 received the 'have' message from 1007 for the piece 80.
[03/07/2021 00:13:06]: Peer 1006 received the 'have' message from 1002 for the piece 9.
[03/07/2021 00:13:06]: Peer 1006 received the 'have' message from 1007 for the piece 33.
[03/07/2021 00:13:06]: Peer 1006 received the 'have' message from 1009 for the piece 8.
[03/07/2021 00:13:06]: Peer 1006 received the 'have' message from 1004 for the piece 77.
[03/07/2021 00:13:06]: Peer 1006 received the 'have' message from 1004 for the piece 22.
[03/07/2021 00:13:06]: Peer 1006 received the 'have' message from 1004 for the piece 90.
[03/07/2021 00:13:06]: Peer 1006 received the 'have' message from 1004 for the piece 125.
[03/07/2021 00:13:06]: Peer 1006 received the 'have' message from 1005 for the piece 24.
[03/07/2021 00:13:06]: Peer 1006 received the 'have' message from 1003 for the piece 74.
[03/07/2021 00:13:06]: Peer 1006 received the 'have' message from 1005 for the piece 98.
[03/07/2021 00:13:06]: Peer 1006 received the 'have' message from 1003 for the piece 33.
[03/07/2021 00:13:06]: Peer 1006 received the 'have' message from 1003 for the piece 48.
[03/07/2021 00:13:06]: Peer 1006 received the 'have' message from 1003 for the piece 77.
[03/07/2021 00:13:06]: Peer 1006 received the 'have' message from 1003 for the piece 72.
[03/07/2021 00:13:06]: Peer 1006 received the 'have' message from 1003 for the piece 130.
[03/07/2021 00:13:06]: Peer 1006 received the 'not interested' message from 1008.
[03/07/2021 00:13:06]: Peer 1006 received the 'have' message from 1008 for the piece 5.
[03/07/2021 00:13:06]: Peer 1008 has downloaded the complete file.
[03/07/2021 00:13:06]: Peer 1006 received the 'have' message from 1004 for the piece 9.
[03/07/2021 00:13:06]: Peer 1006 received the 'have' message from 1005 for the piece 123.
[03/07/2021 00:13:06]: Peer 1006 received the 'have' message from 1005 for the piece 63.
[03/07/2021 00:13:06]: Peer 1006 received the 'have' message from 1005 for the piece 100.
[03/07/2021 00:13:06]: Peer 1006 received the 'have' message from 1007 for the piece 100.
[03/07/2021 00:13:06]: Peer 1006 received the 'have' message from 1009 for the piece 109.
[03/07/2021 00:13:06]: Peer 1006 received the 'have' message from 1009 for the piece 100.
[03/07/2021 00:13:06]: Peer 1006 received the 'have' message from 1009 for the piece 41.
[03/07/2021 00:13:06]: Peer 1006 received the 'have' message from 1005 for the piece 9.
[03/07/2021 00:13:06]: Peer 1006 received the 'have' message from 1005 for the piece 7.
[03/07/2021 00:13:06]: Peer 1006 received the 'have' message from 1002 for the piece 127.
[03/07/2021 00:13:06]: Peer 1006 received the 'have' message from 1002 for the piece 69.
[03/07/2021 00:13:06]: Peer 1006 received the 'have' message from 1002 for the piece 72.
[03/07/2021 00:13:06]: Peer 1006 received the 'have' message from 1002 for the piece 98.
[03/07/2021 00:13:07]: Peer 1006 received the 'have' message from 1009 for the piece 6.
[03/07/2021 00:13:07]: Peer 1006 received the 'have' message from 1003 for the piece 93.
[03/07/2021 00:13:07]: Peer 1006 received the 'have' message from 1007 for the piece 93.
[03/07/2021 00:13:07]: Peer 1006 received the 'have' message from 1007 for the piece 91.
[03/07/2021 00:13:07]: Peer 1006 received the 'have' message from 1004 for the piece 80.
[03/07/2021 00:13:07]: Peer 1006 received the 'have' message from 1004 for the piece 1.
[03/07/2021 00:13:07]: Peer 1006 received the 'have' message from 1004 for the piece 127.
[03/07/2021 00:13:07]: Peer 1006 received the 'have' message from 1004 for the piece 103.
[03/07/2021 00:13:07]: Peer 1006 received the 'have' message from 1004 for the piece 8.
[03/07/2021 00:13:07]: Peer 1006 received the 'have' message from 1002 for the piece 62.
[03/07/2021 00:13:07]: Peer 1006 received the 'have' message from 1002 for the piece 109.
[03/07/2021 00:13:07]: Peer 1006 received the 'have' message from 1005 for the piece 66.
[03/07/2021 00:13:07]: Peer 1006 received the 'have' message from 1005 for the piece 74.
[03/07/2021 00:13:07]: Peer 1006 received the 'have' message from 1005 for the piece 14.
[03/07/2021 00:13:07]: Peer 1006 received the 'have' message from 1005 for the piece 77.
[03/07/2021 00:13:07]: Peer 1006 received the 'have' message from 1005 for the piece 81.
[03/07/2021 00:13:07]: Peer 1006 received the 'have' message from 1004 for the piece 74.
[03/07/2021 00:13:07]: Peer 1006 received the 'have' message from 1007 for the piece 24.
[03/07/2021 00:13:07]: Peer 1006 received the 'have' message from 1007 for the piece 73.
[03/07/2021 00:13:07]: Peer 1006 received the 'have' message from 1007 for the piece 109.
[03/07/2021 00:13:07]: Peer 1006 received the 'have' message from 1007 for the piece 1.
[03/07/2021 00:13:07]: Peer 1007 has downloaded the complete file.
[03/07/2021 00:13:07]: Peer 1006 received the 'not interested' message from 1007.
[03/07/2021 00:13:07]: Peer 1006 received the 'have' message from 1009 for the piece 61.
[03/07/2021 00:13:07]: Peer 1006 received the 'have' message from 1009 for the piece 74.
[03/07/2021 00:13:07]: Peer 1006 received the 'have' message from 1009 for the piece 91.
[03/07/2021 00:13:07]: Peer 1006 received the 'have' message from 1009 for the piece 77.
[03/07/2021 00:13:07]: Peer 1006 received the 'have' message from 1003 for the piece 70.
[03/07/2021 00:13:07]: Peer 1006 received the 'have' message from 1003 for the piece 38.
[03/07/2021 00:13:07]: Peer 1006 received the 'have' message from 1003 for the piece 98.
[03/07/2021 00:13:07]: Peer 1006 received the 'have' message from 1003 for the piece 66.
[03/07/2021 00:13:07]: Peer 1006 received the 'have' message from 1004 for the piece 119.
[03/07/2021 00:13:07]: Peer 1006 received the 'have' message from 1004 for the piece 40.
[03/07/2021 00:13:07]: Peer 1006 received the 'have' message from 1009 for the piece 15.
[03/07/2021 00:13:07]: Peer 1006 received the 'have' message from 1003 for the piece 53.
[03/07/2021 00:13:07]: Peer 1006 received the 'have' message from 1002 for the piece 55.
[03/07/2021 00:13:07]: Peer 1006 received the 'have' message from 1002 for the piece 104.
[03/07/2021 00:13:07]: Peer 1006 received the 'have' message from 1002 for the piece 48.
[03/07/2021 00:13:07]: Peer 1006 received the 'have' message from 1002 for the piece 70.
[03/07/2021 00:13:07]: Peer 1006 received the 'have' message from 1005 for the piece 73.
[03/07/2021 00:13:07]: Peer 1006 received the 'have' message from 1003 for the piece 129.
[03/07/2021 00:13:07]: Peer 1006 received the 'not interested' message from 1005.
[03/07/2021 00:13:07]: Peer 1006 received the 'have' message from 1003 for the piece 7.
[03/07/2021 00:13:07]: Peer 1006 received the 'have' message from 1002 for the piece 24.
[03/07/2021 00:13:07]: Peer 1006 received the 'have' message from 1005 for the piece 29.
[03/07/2021 00:13:07]: Peer 1006 received the 'have' message from 1004 for the piece 6.
[03/07/2021 00:13:08]: Peer 1006 received the 'have' message from 1002 for the piece 15.
[03/07/2021 00:13:08]: Peer 1006 received the 'have' message from 1004 for the piece 97.
[03/07/2021 00:13:08]: Peer 1006 has the optimistically unchoked neighbor 1009.
[03/07/2021 00:13:08]: Peer 1006 has the preferred neighbors 1002, 1004, 1003.
[03/07/2021 00:13:08]: Peer 1006 received the 'have' message from 1005 for the piece 30.
[03/07/2021 00:13:08]: Peer 1005 has downloaded the complete file.
[03/07/2021 00:13:08]: Peer 1006 received the 'have' message from 1004 for the piece 107.
[03/07/2021 00:13:08]: Peer 1006 received the 'have' message from 1004 for the piece 26.
[03/07/2021 00:13:08]: Peer 1006 received the 'have' message from 1002 for the piece 100.
[03/07/2021 00:13:08]: Peer 1006 received the 'have' message from 1003 for the piece 109.
[03/07/2021 00:13:08]: Peer 1006 received the 'have' message from 1003 for the piece 62.
[03/07/2021 00:13:08]: Peer 1006 received the 'have' message from 1003 for the piece 96.
[03/07/2021 00:13:08]: Peer 1006 received the 'have' message from 1002 for the piece 3.
[03/07/2021 00:13:08]: Peer 1006 received the 'have' message from 1002 for the piece 116.
[03/07/2021 00:13:08]: Peer 1006 received the 'have' message from 1004 for the piece 110.
[03/07/2021 00:13:08]: Peer 1006 received the 'have' message from 1004 for the piece 36.
[03/07/2021 00:13:08]: Peer 1006 received the 'have' message from 1004 for the piece 87.
[03/07/2021 00:13:08]: Peer 1006 received the 'have' message from 1003 for the piece 26.
[03/07/2021 00:13:08]: Peer 1006 received the 'have' message from 1002 for the piece 5.
[03/07/2021 00:13:08]: Peer 1006 received the 'have' message from 1002 for the piece 30.
[03/07/2021 00:13:08]: Peer 1006 received the 'have' message from 1002 for the piece 122.
[03/07/2021 00:13:08]: Peer 1006 received the 'have' message from 1003 for the piece 15.
[03/07/2021 00:13:08]: Peer 1006 received the 'have' message from 1004 for the piece 39.
[03/07/2021 00:13:08]: Peer 1006 received the 'have' message from 1004 for the piece 44.
[03/07/2021 00:13:08]: Peer 1006 received the 'have' message from 1004 for the piece 73.
[03/07/2021 00:13:09]: Peer 1006 received the 'have' message from 1002 for the piece 67.
[03/07/2021 00:13:09]: Peer 1006 received the 'have' message from 1004 for the piece 0.
[03/07/2021 00:13:09]: Peer 1006 received the 'have' message from 1003 for the piece 94.
[03/07/2021 00:13:09]: Peer 1003 has downloaded the complete file.
[03/07/2021 00:13:09]: Peer 1006 received the 'have' message from 1009 for the piece 72.
[03/07/2021 00:13:09]: Peer 1006 received the 'have' message from 1009 for the piece 56.
[03/07/2021 00:13:10]: Peer 1006 received the 'have' message from 1009 for the piece 82.
[03/07/2021 00:13:10]: Peer 1006 received the 'not interested' message from 1003.
[03/07/2021 00:13:10]: Peer 1006 received the 'have' message from 1004 for the piece 109.
[03/07/2021 00:13:10]: Peer 1006 received the 'have' message from 1009 for the piece 105.
[03/07/2021 00:13:10]: Peer 1006 received the 'have' message from 1009 for the piece 33.
[03/07/2021 00:13:10]: Peer 1006 received the 'have' message from 1002 for the piece 130.
[03/07/2021 00:13:10]: Peer 1006 received the 'have' message from 1009 for the piece 38.
[03/07/2021 00:13:10]: Peer 1006 received the 'have' message from 1009 for the piece 24.
[03/07/2021 00:13:11]: Peer 1006 received the 'have' message from 1004 for the piece 5.
[03/07/2021 00:13:11]: Peer 1006 received the 'have' message from 1004 for the piece 38.
[03/07/2021 00:13:11]: Peer 1006 received the 'have' message from 1009 for the piece 73.
[03/07/2021 00:13:11]: Peer 1006 received the 'have' message from 1004 for the piece 101.
[03/07/2021 00:13:11]: Peer 1006 received the 'have' message from 1009 for the piece 66.
[03/07/2021 00:13:11]: Peer 1006 received the 'have' message from 1009 for the piece 1.
[03/07/2021 00:13:11]: Peer 1006 received the 'have' message from 1004 for the piece 105.
[03/07/2021 00:13:11]: Peer 1006 received the 'have' message from 1004 for the piece 41.
[03/07/2021 00:13:11]: Peer 1006 received the 'have' message from 1002 for the piece 101.
[03/07/2021 00:13:11]: Peer 1006 received the 'not interested' message from 1004.
[03/07/2021 00:13:11]: Peer 1006 received the 'have' message from 1004 for the piece 46.
[03/07/2021 00:13:11]: Peer 1006 received the 'have' message from 1004 for the piece 7.
[03/07/2021 00:13:11]: Peer 1006 received the 'have' message from 1004 for the piece 99.
[03/07/2021 00:13:11]: Peer 1006 received the 'have' message from 1004 for the piece 29.
[03/07/2021 00:13:11]: Peer 1004 has downloaded the complete file.
[03/07/2021 00:13:12]: Peer 1006 received the 'have' message from 1002 for the piece 23.
[03/07/2021 00:13:12]: Peer 1006 received the 'have' message from 1002 for the piece 65.
[03/07/2021 00:13:12]: Peer 1006 received the 'have' message from 1002 for the piece 53.
[03/07/2021 00:13:12]: Peer 1006 received the 'have' message from 1002 for the piece 1.
[03/07/2021 00:13:12]: Peer 1006 received the 'have' message from 1002 for the piece 40.
[03/07/2021 00:13:12]: Peer 1006 received the 'have' message from 1002 for the piece 33.
[03/07/2021 00:13:12]: Peer 1006 received the 'have' message from 1002 for the piece 99.
[03/07/2021 00:13:12]: Peer 1006 received the 'have' message from 1002 for the piece 31.
[03/07/2021 00:13:12]: Peer 1006 received the 'have' message from 1002 for the piece 108.
[03/07/2021 00:13:13]: Peer 1006 received the 'have' message from 1009 for the piece 106.
[03/07/2021 00:13:13]: Peer 1006 has the optimistically unchoked neighbor [NONE].
[03/07/2021 00:13:13]: Peer 1006 has the preferred neighbors 1002, 1009.
[03/07/2021 00:13:13]: Peer 1006 received the 'have' message from 1002 for the piece 51.
[03/07/2021 00:13:13]: Peer 1006 received the 'have' message from 1002 for the piece 93.
[03/07/2021 00:13:13]: Peer 1006 received the 'have' message from 1002 for the piece 91.
[03/07/2021 00:13:16]: Peer 1006 received the 'not interested' message from 1009.
[03/07/2021 00:13:17]: Peer 1006 received the 'have' message from 1009 for the piece 101.
[03/07/2021 00:13:17]: Peer 1009 has downloaded the complete file.
[03/07/2021 00:13:18]: Peer 1006 has the preferred neighbors 1002.
[03/07/2021 00:13:19]: Peer 1006 received the 'have' message from 1002 for the piece 41.
[03/07/2021 00:13:20]: Peer 1006 received the 'have' message from 1002 for the piece 96.
[03/07/2021 00:13:22]: Peer 1006 received the 'have' message from 1002 for the piece 110.
[03/07/2021 00:13:22]: Peer 1006 received the 'have' message from 1002 for the piece 80.
[03/07/2021 00:13:26]: Peer 1006 received the 'have' message from 1002 for the piece 125.
[03/07/2021 00:13:27]: Peer 1006 received the 'have' message from 1002 for the piece 10.
[03/07/2021 00:13:28]: Peer 1006 received the 'have' message from 1002 for the piece 74.
[03/07/2021 00:13:28]: Peer 1006 received the 'have' message from 1002 for the piece 66.
[03/07/2021 00:13:28]: Peer 1006 received the 'have' message from 1002 for the piece 13.
[03/07/2021 00:13:28]: Peer 1006 received the 'have' message from 1002 for the piece 7.
[03/07/2021 00:13:28]: Peer 1006 received the 'have' message from 1002 for the piece 47.
[03/07/2021 00:13:28]: Peer 1006 received the 'have' message from 1002 for the piece 12.
[03/07/2021 00:13:28]: Peer 1006 received the 'have' message from 1002 for the piece 129.
[03/07/2021 00:13:29]: Peer 1006 received the 'have' message from 1002 for the piece 50.
[03/07/2021 00:13:29]: Peer 1006 received the 'have' message from 1002 for the piece 73.
[03/07/2021 00:13:29]: Peer 1006 received the 'have' message from 1002 for the piece 19.
[03/07/2021 00:13:29]: Peer 1006 received the 'have' message from 1002 for the piece 106.
[03/07/2021 00:13:29]: Peer 1006 received the 'have' message from 1002 for the piece 39.
[03/07/2021 00:13:29]: Peer 1006 received the 'have' message from 1002 for the piece 97.
[03/07/2021 00:13:29]: Peer 1006 received the 'have' message from 1002 for the piece 44.
[03/07/2021 00:13:29]: Peer 1006 received the 'have' message from 1002 for the piece 49.
[03/07/2021 00:13:29]: Peer 1006 received the 'have' message from 1002 for the piece 46.
[03/07/2021 00:13:29]: Peer 1006 received the 'have' message from 1002 for the piece 26.
[03/07/2021 00:13:29]: Peer 1006 received the 'have' message from 1002 for the piece 71.
[03/07/2021 00:13:29]: Peer 1006 received the 'have' message from 1002 for the piece 119.
[03/07/2021 00:13:29]: Peer 1006 received the 'have' message from 1002 for the piece 94.
[03/07/2021 00:13:29]: Peer 1006 received the 'have' message from 1002 for the piece 6.
[03/07/2021 00:13:29]: Peer 1006 received the 'have' message from 1002 for the piece 29.
[03/07/2021 00:13:29]: Peer 1006 received the 'have' message from 1002 for the piece 105.
[03/07/2021 00:13:31]: Peer 1006 received the 'have' message from 1002 for the piece 107.
[03/07/2021 00:13:31]: Peer 1002 has downloaded the complete file.
[03/07/2021 00:13:31]: Peer 1006 received the 'not interested' message from 1002.
[03/07/2021 00:13:33]: Peer 1006 has the preferred neighbors [NONE].
